Using pre-set license
Built from '2020.3/staging' branch; Version is '2020.3.11f1 (99c7afb366b3) revision 10078127'; Using compiler version '192528614'; Build Type 'Release'
OS: 'Windows 10 Pro; OS build 19045.2130; Version 2009; 64bit' Language: 'en' Physical Memory: 16289 MB
BatchMode: 1, IsHumanControllingUs: 0, StartBugReporterOnCrash: 0, Is64bit: 1, IsPro: 0

 COMMAND LINE ARGUMENTS:
C:\Program Files\Unity\Hub\Editor\2020.3.11f1\Editor\Unity.exe
-adb2
-batchMode
-noUpm
-name
AssetImportWorker0
-projectPath
C:/Users/plymo/OneDrive/Student/Main Desktop/Student/Miyu/zombie game
-logFile
Logs/AssetImportWorker0.log
-srvPort
59100
Successfully changed project path to: C:/Users/plymo/OneDrive/Student/Main Desktop/Student/Miyu/zombie game
C:/Users/plymo/OneDrive/Student/Main Desktop/Student/Miyu/zombie game
Using Asset Import Pipeline V2.
Refreshing native plugins compatible for Editor in 52.23 ms, found 2 plugins.
Preloading 0 native plugins for Editor in 0.00 ms.
Initialize engine version: 2020.3.11f1 (99c7afb366b3)
[Subsystems] Discovering subsystems at path C:/Program Files/Unity/Hub/Editor/2020.3.11f1/Editor/Data/Resources/UnitySubsystems
[Subsystems] Discovering subsystems at path C:/Users/plymo/OneDrive/Student/Main Desktop/Student/Miyu/zombie game/Assets
GfxDevice: creating device client; threaded=0
Direct3D:
    Version:  Direct3D 11.0 [level 11.1]
    Renderer: Intel(R) HD Graphics 4600 (ID=0x412)
    Vendor:   
    VRAM:     2048 MB
    Driver:   20.19.15.5144
Initialize mono
Mono path[0] = 'C:/Program Files/Unity/Hub/Editor/2020.3.11f1/Editor/Data/Managed'
Mono path[1] = 'C:/Program Files/Unity/Hub/Editor/2020.3.11f1/Editor/Data/MonoBleedingEdge/lib/mono/unityjit'
Mono config path = 'C:/Program Files/Unity/Hub/Editor/2020.3.11f1/Editor/Data/MonoBleedingEdge/etc'
Using monoOptions --debugger-agent=transport=dt_socket,embedding=1,server=y,suspend=n,address=127.0.0.1:56920
Begin MonoManager ReloadAssembly
Registering precompiled unity dll's ...
Register platform support module: C:/Program Files/Unity/Hub/Editor/2020.3.11f1/Editor/Data/PlaybackEngines/WebGLSupport/UnityEditor.WebGL.Extensions.dll
Register platform support module: C:/Program Files/Unity/Hub/Editor/2020.3.11f1/Editor/Data/PlaybackEngines/WindowsStandaloneSupport/UnityEditor.WindowsStandalone.Extensions.dll
Registered in 0.004460 seconds.
Native extension for WindowsStandalone target not found
Native extension for WebGL target not found
Refreshing native plugins compatible for Editor in 38.20 ms, found 2 plugins.
Preloading 0 native plugins for Editor in 0.00 ms.
Mono: successfully reloaded assembly
- Completed reload, in  1.551 seconds
Platform modules already initialized, skipping
Registering precompiled user dll's ...
Registered in 0.007422 seconds.
Begin MonoManager ReloadAssembly
Native extension for WindowsStandalone target not found
Native extension for WebGL target not found
Refreshing native plugins compatible for Editor in 0.44 ms, found 2 plugins.
Preloading 0 native plugins for Editor in 0.00 ms.
Mono: successfully reloaded assembly
- Completed reload, in  1.063 seconds
Platform modules already initialized, skipping
========================================================================
Worker process is ready to serve import requests
Launched and connected shader compiler UnityShaderCompiler.exe after 0.04 seconds
Refreshing native plugins compatible for Editor in 0.44 ms, found 2 plugins.
Preloading 0 native plugins for Editor in 0.00 ms.
Unloading 1873 Unused Serialized files (Serialized files now loaded: 0)
System memory in use before: 101.9 MB.
System memory in use after: 102.0 MB.

Unloading 18 unused Assets to reduce memory usage. Loaded Objects now: 2341.
Total: 2.087400 ms (FindLiveObjects: 0.179200 ms CreateObjectMapping: 0.071600 ms MarkObjects: 1.692000 ms  DeleteObjects: 0.143600 ms)

========================================================================
Received Import Request.
  path: Assets/HUMASN SKIN MOVEMENT/hotbartimeotpickanitemtoattackbreakanddrop.cs
  artifactKey: Guid(a300c1a1e3fa76543954eb926c6d8627) Importer(815301076,1909f56bfc062723c751e8b465ee728b)
Start importing Assets/HUMASN SKIN MOVEMENT/hotbartimeotpickanitemtoattackbreakanddrop.cs using Guid(a300c1a1e3fa76543954eb926c6d8627) Importer(815301076,1909f56bfc062723c751e8b465ee728b)  -> (artifact id: '5eaa5aacb8a5bff7e6c98a540caa75c6') in 0.033158 seconds
  Import took 0.036565 seconds .

========================================================================
Received Import Request.
  Time since last request: 24.178526 seconds.
  path: Assets/oak.mat
  artifactKey: Guid(6b45ad25eb2f03e4abff040a58620a46) Importer(815301076,1909f56bfc062723c751e8b465ee728b)
Start importing Assets/oak.mat using Guid(6b45ad25eb2f03e4abff040a58620a46) Importer(815301076,1909f56bfc062723c751e8b465ee728b)  -> (artifact id: '95ebafcba9042e8d867066e783be978f') in 0.105025 seconds
  Import took 0.109241 seconds .

========================================================================
Received Import Request.
  Time since last request: 293.251249 seconds.
  path: Assets/icno/sprite_17.png
  artifactKey: Guid(13939d88ca4fe5746835f7060dd8d790) Importer(815301076,1909f56bfc062723c751e8b465ee728b)
Start importing Assets/icno/sprite_17.png using Guid(13939d88ca4fe5746835f7060dd8d790) Importer(815301076,1909f56bfc062723c751e8b465ee728b)  -> (artifact id: '37e4278b99fca1c38407b8b94724262c') in 0.034044 seconds
  Import took 0.038092 seconds .

========================================================================
Received Import Request.
  Time since last request: 0.000255 seconds.
  path: Assets/icno/sprite_18.png
  artifactKey: Guid(b6e44312dfefe474e9b9d695345c08f2) Importer(815301076,1909f56bfc062723c751e8b465ee728b)
Start importing Assets/icno/sprite_18.png using Guid(b6e44312dfefe474e9b9d695345c08f2) Importer(815301076,1909f56bfc062723c751e8b465ee728b)  -> (artifact id: '82b12f325853905e4ebd7928eb257cac') in 0.011696 seconds
  Import took 0.014955 seconds .

========================================================================
Received Import Request.
  Time since last request: 0.013124 seconds.
  path: Assets/icno/sprite_18.png
  artifactKey: Guid(b6e44312dfefe474e9b9d695345c08f2) Importer(815301076,1909f56bfc062723c751e8b465ee728b)
Start importing Assets/icno/sprite_18.png using Guid(b6e44312dfefe474e9b9d695345c08f2) Importer(815301076,1909f56bfc062723c751e8b465ee728b)  -> (artifact id: '82b12f325853905e4ebd7928eb257cac') in 0.007772 seconds
  Import took 0.012365 seconds .

========================================================================
Received Import Request.
  Time since last request: 8.436832 seconds.
  path: Assets/icno/sprite_17.png
  artifactKey: Guid(13939d88ca4fe5746835f7060dd8d790) Importer(815301076,1909f56bfc062723c751e8b465ee728b)
Start importing Assets/icno/sprite_17.png using Guid(13939d88ca4fe5746835f7060dd8d790) Importer(815301076,1909f56bfc062723c751e8b465ee728b)  -> (artifact id: 'fde866f0da21aa1c31e02d40c240511b') in 0.041208 seconds
  Import took 0.046968 seconds .

========================================================================
Received Import Request.
  Time since last request: 0.000327 seconds.
  path: Assets/icno/sprite_18.png
  artifactKey: Guid(b6e44312dfefe474e9b9d695345c08f2) Importer(815301076,1909f56bfc062723c751e8b465ee728b)
Start importing Assets/icno/sprite_18.png using Guid(b6e44312dfefe474e9b9d695345c08f2) Importer(815301076,1909f56bfc062723c751e8b465ee728b)  -> (artifact id: '48677115f2045a6f80b87c74b204eac1') in 0.035328 seconds
  Import took 0.040406 seconds .

========================================================================
Received Import Request.
  Time since last request: 68.645556 seconds.
  path: Assets/prefabs/gold&flesh
  artifactKey: Guid(75519add6a8b800419e22176592f1d38) Importer(815301076,1909f56bfc062723c751e8b465ee728b)
Start importing Assets/prefabs/gold&flesh using Guid(75519add6a8b800419e22176592f1d38) Importer(815301076,1909f56bfc062723c751e8b465ee728b)  -> (artifact id: '04e0dfee0e207b95b838c39cb375fbb5') in 0.006174 seconds
  Import took 0.010595 seconds .

========================================================================
Received Import Request.
  Time since last request: 12.158326 seconds.
  path: Assets/prefabs/gold&flesh/goldcoin.prefab
  artifactKey: Guid(172d1ea7857e3b846affe92cecff3d5b) Importer(815301076,1909f56bfc062723c751e8b465ee728b)
Start importing Assets/prefabs/gold&flesh/goldcoin.prefab using Guid(172d1ea7857e3b846affe92cecff3d5b) Importer(815301076,1909f56bfc062723c751e8b465ee728b)  -> (artifact id: '8ceb580c91ed7286ce80ceeffe44b6cd') in 0.016974 seconds
  Import took 0.020960 seconds .

========================================================================
Received Import Request.
  Time since last request: 5.662877 seconds.
  path: Assets/prefabs/gold&flesh/goldcoin.prefab
  artifactKey: Guid(172d1ea7857e3b846affe92cecff3d5b) Importer(815301076,1909f56bfc062723c751e8b465ee728b)
Start importing Assets/prefabs/gold&flesh/goldcoin.prefab using Guid(172d1ea7857e3b846affe92cecff3d5b) Importer(815301076,1909f56bfc062723c751e8b465ee728b)  -> (artifact id: '76aea1caaf8dbf83ed485aa62ac64717') in 0.005442 seconds
  Import took 0.010293 seconds .

========================================================================
Received Import Request.
  Time since last request: 10.322388 seconds.
  path: Assets/prefabs/gold&flesh/goldcoin.prefab
  artifactKey: Guid(172d1ea7857e3b846affe92cecff3d5b) Importer(815301076,1909f56bfc062723c751e8b465ee728b)
Start importing Assets/prefabs/gold&flesh/goldcoin.prefab using Guid(172d1ea7857e3b846affe92cecff3d5b) Importer(815301076,1909f56bfc062723c751e8b465ee728b)  -> (artifact id: 'd812d36a6cde344a9b183b308b5d492e') in 0.018079 seconds
  Import took 0.021899 seconds .

========================================================================
Received Import Request.
  Time since last request: 6.145618 seconds.
  path: Assets/prefabs/gold&flesh/goldcoin.prefab
  artifactKey: Guid(172d1ea7857e3b846affe92cecff3d5b) Importer(815301076,1909f56bfc062723c751e8b465ee728b)
Start importing Assets/prefabs/gold&flesh/goldcoin.prefab using Guid(172d1ea7857e3b846affe92cecff3d5b) Importer(815301076,1909f56bfc062723c751e8b465ee728b)  -> (artifact id: '606ebbfb608dd22f7fea5e28269135dd') in 0.010431 seconds
  Import took 0.015710 seconds .

========================================================================
Received Import Request.
  Time since last request: 1.002695 seconds.
  path: Assets/prefabs/gold&flesh/goldcoin.prefab
  artifactKey: Guid(172d1ea7857e3b846affe92cecff3d5b) Importer(815301076,1909f56bfc062723c751e8b465ee728b)
Start importing Assets/prefabs/gold&flesh/goldcoin.prefab using Guid(172d1ea7857e3b846affe92cecff3d5b) Importer(815301076,1909f56bfc062723c751e8b465ee728b)  -> (artifact id: '0ced63995adfbc57bd60de5f71d075bb') in 0.011964 seconds
  Import took 0.015809 seconds .

========================================================================
Received Import Request.
  Time since last request: 1.764549 seconds.
  path: Assets/prefabs/gold&flesh/goldcoin.prefab
  artifactKey: Guid(172d1ea7857e3b846affe92cecff3d5b) Importer(815301076,1909f56bfc062723c751e8b465ee728b)
Start importing Assets/prefabs/gold&flesh/goldcoin.prefab using Guid(172d1ea7857e3b846affe92cecff3d5b) Importer(815301076,1909f56bfc062723c751e8b465ee728b)  -> (artifact id: '30b4211fb93322c37bb5e47a5f4b38cc') in 0.014380 seconds
  Import took 0.018717 seconds .

========================================================================
Received Import Request.
  Time since last request: 1.604308 seconds.
  path: Assets/prefabs/gold&flesh/goldcoin.prefab
  artifactKey: Guid(172d1ea7857e3b846affe92cecff3d5b) Importer(815301076,1909f56bfc062723c751e8b465ee728b)
Start importing Assets/prefabs/gold&flesh/goldcoin.prefab using Guid(172d1ea7857e3b846affe92cecff3d5b) Importer(815301076,1909f56bfc062723c751e8b465ee728b)  -> (artifact id: '7f8b7f16f67e1b8d0085057029102acf') in 0.015588 seconds
  Import took 0.019619 seconds .

========================================================================
Received Import Request.
  Time since last request: 2.429312 seconds.
  path: Assets/prefabs/gold&flesh/goldcoin.prefab
  artifactKey: Guid(172d1ea7857e3b846affe92cecff3d5b) Importer(815301076,1909f56bfc062723c751e8b465ee728b)
Start importing Assets/prefabs/gold&flesh/goldcoin.prefab using Guid(172d1ea7857e3b846affe92cecff3d5b) Importer(815301076,1909f56bfc062723c751e8b465ee728b)  -> (artifact id: '2c70dd857483b5df9bd1b0f744b7c3c6') in 0.011881 seconds
  Import took 0.017476 seconds .

========================================================================
Received Import Request.
  Time since last request: 1.592195 seconds.
  path: Assets/prefabs/gold&flesh/goldcoin.prefab
  artifactKey: Guid(172d1ea7857e3b846affe92cecff3d5b) Importer(815301076,1909f56bfc062723c751e8b465ee728b)
Start importing Assets/prefabs/gold&flesh/goldcoin.prefab using Guid(172d1ea7857e3b846affe92cecff3d5b) Importer(815301076,1909f56bfc062723c751e8b465ee728b)  -> (artifact id: '1f4e8f3f27b8ac71ab2ca6671890c8e0') in 0.014266 seconds
  Import took 0.019203 seconds .

========================================================================
Received Import Request.
  Time since last request: 34.829411 seconds.
  path: Assets/prefabs/gold&flesh/goldcoin.prefab
  artifactKey: Guid(172d1ea7857e3b846affe92cecff3d5b) Importer(815301076,1909f56bfc062723c751e8b465ee728b)
Start importing Assets/prefabs/gold&flesh/goldcoin.prefab using Guid(172d1ea7857e3b846affe92cecff3d5b) Importer(815301076,1909f56bfc062723c751e8b465ee728b)  -> (artifact id: '82aa97221669bd25a03a75103c44e7a3') in 0.013507 seconds
  Import took 0.018084 seconds .

========================================================================
Received Import Request.
  Time since last request: 6.270960 seconds.
  path: Assets/prefabs/gold&flesh/goldcoin.prefab
  artifactKey: Guid(172d1ea7857e3b846affe92cecff3d5b) Importer(815301076,1909f56bfc062723c751e8b465ee728b)
Start importing Assets/prefabs/gold&flesh/goldcoin.prefab using Guid(172d1ea7857e3b846affe92cecff3d5b) Importer(815301076,1909f56bfc062723c751e8b465ee728b)  -> (artifact id: 'c63fbe75a14f0d6be4a59a9605676621') in 0.013516 seconds
  Import took 0.018412 seconds .

========================================================================
Received Import Request.
  Time since last request: 9.761114 seconds.
  path: Assets/prefabs/gold&flesh/goldcoin.prefab
  artifactKey: Guid(172d1ea7857e3b846affe92cecff3d5b) Importer(815301076,1909f56bfc062723c751e8b465ee728b)
Start importing Assets/prefabs/gold&flesh/goldcoin.prefab using Guid(172d1ea7857e3b846affe92cecff3d5b) Importer(815301076,1909f56bfc062723c751e8b465ee728b)  -> (artifact id: 'be7bc61c22db85a7a1c93ad4c819999f') in 0.017764 seconds
  Import took 0.021368 seconds .

========================================================================
Received Import Request.
  Time since last request: 13.405707 seconds.
  path: Assets/prefabs/gold&flesh/goldcoin.prefab
  artifactKey: Guid(172d1ea7857e3b846affe92cecff3d5b) Importer(815301076,1909f56bfc062723c751e8b465ee728b)
Start importing Assets/prefabs/gold&flesh/goldcoin.prefab using Guid(172d1ea7857e3b846affe92cecff3d5b) Importer(815301076,1909f56bfc062723c751e8b465ee728b)  -> (artifact id: '7cd0a1a013bfdeb4595f38dfe3ee3628') in 0.016036 seconds
  Import took 0.020418 seconds .

========================================================================
Received Import Request.
  Time since last request: 2.437102 seconds.
  path: Assets/prefabs/gold&flesh/goldcoin.prefab
  artifactKey: Guid(172d1ea7857e3b846affe92cecff3d5b) Importer(815301076,1909f56bfc062723c751e8b465ee728b)
Start importing Assets/prefabs/gold&flesh/goldcoin.prefab using Guid(172d1ea7857e3b846affe92cecff3d5b) Importer(815301076,1909f56bfc062723c751e8b465ee728b)  -> (artifact id: '87246040e060c6155ef2993872c75ca7') in 0.013024 seconds
  Import took 0.018239 seconds .

========================================================================
Received Import Request.
  Time since last request: 6.462178 seconds.
  path: Assets/prefabs/gold&flesh/goldcoin.prefab
  artifactKey: Guid(172d1ea7857e3b846affe92cecff3d5b) Importer(815301076,1909f56bfc062723c751e8b465ee728b)
Start importing Assets/prefabs/gold&flesh/goldcoin.prefab using Guid(172d1ea7857e3b846affe92cecff3d5b) Importer(815301076,1909f56bfc062723c751e8b465ee728b)  -> (artifact id: '11321671c32668bd8119296284fa9df5') in 0.014832 seconds
  Import took 0.018891 seconds .

========================================================================
Received Import Request.
  Time since last request: 2.427448 seconds.
  path: Assets/prefabs/gold&flesh/goldcoin.prefab
  artifactKey: Guid(172d1ea7857e3b846affe92cecff3d5b) Importer(815301076,1909f56bfc062723c751e8b465ee728b)
Start importing Assets/prefabs/gold&flesh/goldcoin.prefab using Guid(172d1ea7857e3b846affe92cecff3d5b) Importer(815301076,1909f56bfc062723c751e8b465ee728b)  -> (artifact id: 'e4d4139e79a1dd0ee4d2d97480da45db') in 0.012643 seconds
  Import took 0.018501 seconds .

========================================================================
Received Import Request.
  Time since last request: 2.404526 seconds.
  path: Assets/prefabs/gold&flesh/goldcoin.prefab
  artifactKey: Guid(172d1ea7857e3b846affe92cecff3d5b) Importer(815301076,1909f56bfc062723c751e8b465ee728b)
Start importing Assets/prefabs/gold&flesh/goldcoin.prefab using Guid(172d1ea7857e3b846affe92cecff3d5b) Importer(815301076,1909f56bfc062723c751e8b465ee728b)  -> (artifact id: 'e37c29c8c9919287a7f1b00d6eeff3e8') in 0.014335 seconds
  Import took 0.018712 seconds .

========================================================================
Received Import Request.
  Time since last request: 11.750883 seconds.
  path: Assets/prefabs/gold&flesh/goldcoin.prefab
  artifactKey: Guid(172d1ea7857e3b846affe92cecff3d5b) Importer(815301076,1909f56bfc062723c751e8b465ee728b)
Start importing Assets/prefabs/gold&flesh/goldcoin.prefab using Guid(172d1ea7857e3b846affe92cecff3d5b) Importer(815301076,1909f56bfc062723c751e8b465ee728b)  -> (artifact id: '2107a4829e4bf8123511b2fb1a7fc15b') in 0.020794 seconds
  Import took 0.028598 seconds .

========================================================================
Received Import Request.
  Time since last request: 25.053627 seconds.
  path: Assets/prefabs/gold&flesh/goldcoin.prefab
  artifactKey: Guid(172d1ea7857e3b846affe92cecff3d5b) Importer(815301076,1909f56bfc062723c751e8b465ee728b)
Start importing Assets/prefabs/gold&flesh/goldcoin.prefab using Guid(172d1ea7857e3b846affe92cecff3d5b) Importer(815301076,1909f56bfc062723c751e8b465ee728b)  -> (artifact id: '9bec691b9f9336de9e2a0e5393217a89') in 0.014645 seconds
  Import took 0.018750 seconds .

========================================================================
Received Import Request.
  Time since last request: 3.064068 seconds.
  path: Assets/prefabs/gold&flesh/goldcoin.prefab
  artifactKey: Guid(172d1ea7857e3b846affe92cecff3d5b) Importer(815301076,1909f56bfc062723c751e8b465ee728b)
Start importing Assets/prefabs/gold&flesh/goldcoin.prefab using Guid(172d1ea7857e3b846affe92cecff3d5b) Importer(815301076,1909f56bfc062723c751e8b465ee728b)  -> (artifact id: 'd51cce2c3ecedede77bde7375a4449d7') in 0.013859 seconds
  Import took 0.017814 seconds .

========================================================================
Received Import Request.
  Time since last request: 6.122837 seconds.
  path: Assets/prefabs/gold&flesh/goldcoin.prefab
  artifactKey: Guid(172d1ea7857e3b846affe92cecff3d5b) Importer(815301076,1909f56bfc062723c751e8b465ee728b)
Start importing Assets/prefabs/gold&flesh/goldcoin.prefab using Guid(172d1ea7857e3b846affe92cecff3d5b) Importer(815301076,1909f56bfc062723c751e8b465ee728b)  -> (artifact id: '262a14202a92475c2f04b4eee76d5935') in 0.013790 seconds
  Import took 0.019097 seconds .

========================================================================
Received Import Request.
  Time since last request: 2.344744 seconds.
  path: Assets/prefabs/gold&flesh/goldcoin.prefab
  artifactKey: Guid(172d1ea7857e3b846affe92cecff3d5b) Importer(815301076,1909f56bfc062723c751e8b465ee728b)
Start importing Assets/prefabs/gold&flesh/goldcoin.prefab using Guid(172d1ea7857e3b846affe92cecff3d5b) Importer(815301076,1909f56bfc062723c751e8b465ee728b)  -> (artifact id: '7ab6a30101944d07b277184a6e1e4f72') in 0.015075 seconds
  Import took 0.020806 seconds .

========================================================================
Received Import Request.
  Time since last request: 3.043273 seconds.
  path: Assets/prefabs/gold&flesh/goldcoin.prefab
  artifactKey: Guid(172d1ea7857e3b846affe92cecff3d5b) Importer(815301076,1909f56bfc062723c751e8b465ee728b)
Start importing Assets/prefabs/gold&flesh/goldcoin.prefab using Guid(172d1ea7857e3b846affe92cecff3d5b) Importer(815301076,1909f56bfc062723c751e8b465ee728b)  -> (artifact id: 'ada2926b60caa037005c78aad6b1949a') in 0.014997 seconds
  Import took 0.020140 seconds .

========================================================================
Received Import Request.
  Time since last request: 4.206471 seconds.
  path: Assets/prefabs/gold&flesh/goldcoin.prefab
  artifactKey: Guid(172d1ea7857e3b846affe92cecff3d5b) Importer(815301076,1909f56bfc062723c751e8b465ee728b)
Start importing Assets/prefabs/gold&flesh/goldcoin.prefab using Guid(172d1ea7857e3b846affe92cecff3d5b) Importer(815301076,1909f56bfc062723c751e8b465ee728b)  -> (artifact id: '3890a466c69294a148a77889f231b5ba') in 0.014166 seconds
  Import took 0.019064 seconds .

========================================================================
Received Import Request.
  Time since last request: 8.909648 seconds.
  path: Assets/prefabs/gold&flesh/goldcoin.prefab
  artifactKey: Guid(172d1ea7857e3b846affe92cecff3d5b) Importer(815301076,1909f56bfc062723c751e8b465ee728b)
Start importing Assets/prefabs/gold&flesh/goldcoin.prefab using Guid(172d1ea7857e3b846affe92cecff3d5b) Importer(815301076,1909f56bfc062723c751e8b465ee728b)  -> (artifact id: '7b236f6426a207e75c34fbb673de7a8a') in 0.018324 seconds
  Import took 0.024147 seconds .

========================================================================
Received Import Request.
  Time since last request: 3.015977 seconds.
  path: Assets/prefabs/gold&flesh/goldcoin.prefab
  artifactKey: Guid(172d1ea7857e3b846affe92cecff3d5b) Importer(815301076,1909f56bfc062723c751e8b465ee728b)
Start importing Assets/prefabs/gold&flesh/goldcoin.prefab using Guid(172d1ea7857e3b846affe92cecff3d5b) Importer(815301076,1909f56bfc062723c751e8b465ee728b)  -> (artifact id: 'adcc8c50801fbc0929897864d1cad4ee') in 0.015167 seconds
  Import took 0.019091 seconds .

========================================================================
Received Import Request.
  Time since last request: 4.901886 seconds.
  path: Assets/prefabs/gold&flesh/goldcoin.prefab
  artifactKey: Guid(172d1ea7857e3b846affe92cecff3d5b) Importer(815301076,1909f56bfc062723c751e8b465ee728b)
Start importing Assets/prefabs/gold&flesh/goldcoin.prefab using Guid(172d1ea7857e3b846affe92cecff3d5b) Importer(815301076,1909f56bfc062723c751e8b465ee728b)  -> (artifact id: '768f77984b763416592bad00955127e5') in 0.013394 seconds
  Import took 0.018523 seconds .

========================================================================
Received Import Request.
  Time since last request: 2.022046 seconds.
  path: Assets/prefabs/gold&flesh/goldcoin.prefab
  artifactKey: Guid(172d1ea7857e3b846affe92cecff3d5b) Importer(815301076,1909f56bfc062723c751e8b465ee728b)
Start importing Assets/prefabs/gold&flesh/goldcoin.prefab using Guid(172d1ea7857e3b846affe92cecff3d5b) Importer(815301076,1909f56bfc062723c751e8b465ee728b)  -> (artifact id: '840c47652c4b280aae9dcf79d17ce66c') in 0.015968 seconds
  Import took 0.020320 seconds .

========================================================================
Received Import Request.
  Time since last request: 0.629080 seconds.
  path: Assets/prefabs/gold&flesh/goldcoin.prefab
  artifactKey: Guid(172d1ea7857e3b846affe92cecff3d5b) Importer(815301076,1909f56bfc062723c751e8b465ee728b)
Start importing Assets/prefabs/gold&flesh/goldcoin.prefab using Guid(172d1ea7857e3b846affe92cecff3d5b) Importer(815301076,1909f56bfc062723c751e8b465ee728b)  -> (artifact id: 'b49fa1ec0d4b45099311495049e6fdd5') in 0.016658 seconds
  Import took 0.020634 seconds .

========================================================================
Received Import Request.
  Time since last request: 1.364247 seconds.
  path: Assets/prefabs/gold&flesh/goldcoin.prefab
  artifactKey: Guid(172d1ea7857e3b846affe92cecff3d5b) Importer(815301076,1909f56bfc062723c751e8b465ee728b)
Start importing Assets/prefabs/gold&flesh/goldcoin.prefab using Guid(172d1ea7857e3b846affe92cecff3d5b) Importer(815301076,1909f56bfc062723c751e8b465ee728b)  -> (artifact id: '69c231aec82dbe5762efa6b00639b45c') in 0.015038 seconds
  Import took 0.019506 seconds .

========================================================================
Received Import Request.
  Time since last request: 0.591620 seconds.
  path: Assets/prefabs/gold&flesh/goldcoin.prefab
  artifactKey: Guid(172d1ea7857e3b846affe92cecff3d5b) Importer(815301076,1909f56bfc062723c751e8b465ee728b)
Start importing Assets/prefabs/gold&flesh/goldcoin.prefab using Guid(172d1ea7857e3b846affe92cecff3d5b) Importer(815301076,1909f56bfc062723c751e8b465ee728b)  -> (artifact id: 'fcac6023299b205f2a288ff1953c9a8d') in 0.016520 seconds
  Import took 0.021167 seconds .

========================================================================
Received Import Request.
  Time since last request: 9.826591 seconds.
  path: Assets/prefabs/gold&flesh/goldcoin.prefab
  artifactKey: Guid(172d1ea7857e3b846affe92cecff3d5b) Importer(815301076,1909f56bfc062723c751e8b465ee728b)
Start importing Assets/prefabs/gold&flesh/goldcoin.prefab using Guid(172d1ea7857e3b846affe92cecff3d5b) Importer(815301076,1909f56bfc062723c751e8b465ee728b)  -> (artifact id: 'b6c40b1b3d5fb3370ea833a26bf43e13') in 0.012268 seconds
  Import took 0.017024 seconds .

========================================================================
Received Import Request.
  Time since last request: 5.471378 seconds.
  path: Assets/prefabs/gold&flesh/goldcoin.prefab
  artifactKey: Guid(172d1ea7857e3b846affe92cecff3d5b) Importer(815301076,1909f56bfc062723c751e8b465ee728b)
Start importing Assets/prefabs/gold&flesh/goldcoin.prefab using Guid(172d1ea7857e3b846affe92cecff3d5b) Importer(815301076,1909f56bfc062723c751e8b465ee728b)  -> (artifact id: 'faf33ec02515c4d33b90918ea5465c54') in 0.018631 seconds
  Import took 0.023599 seconds .

========================================================================
Received Import Request.
  Time since last request: 3.054518 seconds.
  path: Assets/prefabs/gold&flesh/goldcoin.prefab
  artifactKey: Guid(172d1ea7857e3b846affe92cecff3d5b) Importer(815301076,1909f56bfc062723c751e8b465ee728b)
Start importing Assets/prefabs/gold&flesh/goldcoin.prefab using Guid(172d1ea7857e3b846affe92cecff3d5b) Importer(815301076,1909f56bfc062723c751e8b465ee728b)  -> (artifact id: 'e140880afd939378b332fb11220868f7') in 0.016563 seconds
  Import took 0.021860 seconds .

========================================================================
Received Import Request.
  Time since last request: 0.539183 seconds.
  path: Assets/prefabs/gold&flesh/goldcoin.prefab
  artifactKey: Guid(172d1ea7857e3b846affe92cecff3d5b) Importer(815301076,1909f56bfc062723c751e8b465ee728b)
Start importing Assets/prefabs/gold&flesh/goldcoin.prefab using Guid(172d1ea7857e3b846affe92cecff3d5b) Importer(815301076,1909f56bfc062723c751e8b465ee728b)  -> (artifact id: 'ec21ce31a64f3ac5eb5b52e8e5ad33c3') in 0.018525 seconds
  Import took 0.023980 seconds .

========================================================================
Received Import Request.
  Time since last request: 0.382343 seconds.
  path: Assets/prefabs/gold&flesh/goldcoin.prefab
  artifactKey: Guid(172d1ea7857e3b846affe92cecff3d5b) Importer(815301076,1909f56bfc062723c751e8b465ee728b)
Start importing Assets/prefabs/gold&flesh/goldcoin.prefab using Guid(172d1ea7857e3b846affe92cecff3d5b) Importer(815301076,1909f56bfc062723c751e8b465ee728b)  -> (artifact id: '44c092ead93685861187ea2e3065d060') in 0.016707 seconds
  Import took 0.021980 seconds .

========================================================================
Received Import Request.
  Time since last request: 0.794225 seconds.
  path: Assets/prefabs/gold&flesh/goldcoin.prefab
  artifactKey: Guid(172d1ea7857e3b846affe92cecff3d5b) Importer(815301076,1909f56bfc062723c751e8b465ee728b)
Start importing Assets/prefabs/gold&flesh/goldcoin.prefab using Guid(172d1ea7857e3b846affe92cecff3d5b) Importer(815301076,1909f56bfc062723c751e8b465ee728b)  -> (artifact id: '09d93fe051a6658cfe9e417466c6f640') in 0.017134 seconds
  Import took 0.021967 seconds .

========================================================================
Received Import Request.
  Time since last request: 14.758173 seconds.
  path: Assets/prefabs/gold&flesh/goldcoin.prefab
  artifactKey: Guid(172d1ea7857e3b846affe92cecff3d5b) Importer(815301076,1909f56bfc062723c751e8b465ee728b)
Start importing Assets/prefabs/gold&flesh/goldcoin.prefab using Guid(172d1ea7857e3b846affe92cecff3d5b) Importer(815301076,1909f56bfc062723c751e8b465ee728b)  -> (artifact id: 'd87727023fc127708daf370b531ba241') in 0.017914 seconds
  Import took 0.022820 seconds .

========================================================================
Received Import Request.
  Time since last request: 6.451727 seconds.
  path: Assets/prefabs/gold&flesh/goldcoin.prefab
  artifactKey: Guid(172d1ea7857e3b846affe92cecff3d5b) Importer(815301076,1909f56bfc062723c751e8b465ee728b)
Start importing Assets/prefabs/gold&flesh/goldcoin.prefab using Guid(172d1ea7857e3b846affe92cecff3d5b) Importer(815301076,1909f56bfc062723c751e8b465ee728b)  -> (artifact id: '6194e28968228536335dc9a07515be24') in 0.015616 seconds
  Import took 0.020726 seconds .

========================================================================
Received Import Request.
  Time since last request: 8.413722 seconds.
  path: Assets/prefabs/gold&flesh/goldcoin.prefab
  artifactKey: Guid(172d1ea7857e3b846affe92cecff3d5b) Importer(815301076,1909f56bfc062723c751e8b465ee728b)
Start importing Assets/prefabs/gold&flesh/goldcoin.prefab using Guid(172d1ea7857e3b846affe92cecff3d5b) Importer(815301076,1909f56bfc062723c751e8b465ee728b)  -> (artifact id: 'c754bed152f0022f8119173551d2c5b3') in 0.022663 seconds
  Import took 0.026419 seconds .

========================================================================
Received Import Request.
  Time since last request: 4.959440 seconds.
  path: Assets/prefabs/gold&flesh/goldcoin.prefab
  artifactKey: Guid(172d1ea7857e3b846affe92cecff3d5b) Importer(815301076,1909f56bfc062723c751e8b465ee728b)
Start importing Assets/prefabs/gold&flesh/goldcoin.prefab using Guid(172d1ea7857e3b846affe92cecff3d5b) Importer(815301076,1909f56bfc062723c751e8b465ee728b)  -> (artifact id: 'dbfe99574c7e6a4deb1dde8d56c9222b') in 0.016853 seconds
  Import took 0.022295 seconds .

========================================================================
Received Import Request.
  Time since last request: 5.780119 seconds.
  path: Assets/prefabs/gold&flesh/goldcoin.prefab
  artifactKey: Guid(172d1ea7857e3b846affe92cecff3d5b) Importer(815301076,1909f56bfc062723c751e8b465ee728b)
Start importing Assets/prefabs/gold&flesh/goldcoin.prefab using Guid(172d1ea7857e3b846affe92cecff3d5b) Importer(815301076,1909f56bfc062723c751e8b465ee728b)  -> (artifact id: '0fb9537d98f1c9b833d730940142583e') in 0.017068 seconds
  Import took 0.021995 seconds .

========================================================================
Received Import Request.
  Time since last request: 0.802919 seconds.
  path: Assets/prefabs/gold&flesh/goldcoin.prefab
  artifactKey: Guid(172d1ea7857e3b846affe92cecff3d5b) Importer(815301076,1909f56bfc062723c751e8b465ee728b)
Start importing Assets/prefabs/gold&flesh/goldcoin.prefab using Guid(172d1ea7857e3b846affe92cecff3d5b) Importer(815301076,1909f56bfc062723c751e8b465ee728b)  -> (artifact id: 'df8827af2aff3850d00224bd6754170f') in 0.015114 seconds
  Import took 0.020289 seconds .

========================================================================
Received Import Request.
  Time since last request: 4.107017 seconds.
  path: Assets/prefabs/gold&flesh/goldcoin.prefab
  artifactKey: Guid(172d1ea7857e3b846affe92cecff3d5b) Importer(815301076,1909f56bfc062723c751e8b465ee728b)
Start importing Assets/prefabs/gold&flesh/goldcoin.prefab using Guid(172d1ea7857e3b846affe92cecff3d5b) Importer(815301076,1909f56bfc062723c751e8b465ee728b)  -> (artifact id: '586f792b570136048b01e9fc1d291189') in 0.015261 seconds
  Import took 0.019786 seconds .

========================================================================
Received Import Request.
  Time since last request: 15.707838 seconds.
  path: Assets/prefabs/gold&flesh/goldcoin.prefab
  artifactKey: Guid(172d1ea7857e3b846affe92cecff3d5b) Importer(815301076,1909f56bfc062723c751e8b465ee728b)
Start importing Assets/prefabs/gold&flesh/goldcoin.prefab using Guid(172d1ea7857e3b846affe92cecff3d5b) Importer(815301076,1909f56bfc062723c751e8b465ee728b)  -> (artifact id: 'f1b99cffcd4c43fe29639c350fdec5fa') in 0.018752 seconds
  Import took 0.023272 seconds .

========================================================================
Received Import Request.
  Time since last request: 2.582605 seconds.
  path: Assets/prefabs/gold&flesh/goldcoin.prefab
  artifactKey: Guid(172d1ea7857e3b846affe92cecff3d5b) Importer(815301076,1909f56bfc062723c751e8b465ee728b)
Start importing Assets/prefabs/gold&flesh/goldcoin.prefab using Guid(172d1ea7857e3b846affe92cecff3d5b) Importer(815301076,1909f56bfc062723c751e8b465ee728b)  -> (artifact id: '922e9ea4772044e5de01dde8a0b0b950') in 0.013662 seconds
  Import took 0.018752 seconds .

========================================================================
Received Import Request.
  Time since last request: 3.640244 seconds.
  path: Assets/prefabs/gold&flesh/goldcoin.prefab
  artifactKey: Guid(172d1ea7857e3b846affe92cecff3d5b) Importer(815301076,1909f56bfc062723c751e8b465ee728b)
Start importing Assets/prefabs/gold&flesh/goldcoin.prefab using Guid(172d1ea7857e3b846affe92cecff3d5b) Importer(815301076,1909f56bfc062723c751e8b465ee728b)  -> (artifact id: '071dc196d76f9a71b098359f398b80df') in 0.013055 seconds
  Import took 0.017726 seconds .

========================================================================
Received Import Request.
  Time since last request: 3.245101 seconds.
  path: Assets/prefabs/gold&flesh/goldcoin.prefab
  artifactKey: Guid(172d1ea7857e3b846affe92cecff3d5b) Importer(815301076,1909f56bfc062723c751e8b465ee728b)
Start importing Assets/prefabs/gold&flesh/goldcoin.prefab using Guid(172d1ea7857e3b846affe92cecff3d5b) Importer(815301076,1909f56bfc062723c751e8b465ee728b)  -> (artifact id: 'f76257ce5c2731bafd2954dc20bda27c') in 0.018497 seconds
  Import took 0.023765 seconds .

========================================================================
Received Import Request.
  Time since last request: 87.468010 seconds.
  path: Assets/Materials/New Material 7.mat
  artifactKey: Guid(08f480e974a76894aafd94dad6b57fcb) Importer(815301076,1909f56bfc062723c751e8b465ee728b)
Start importing Assets/Materials/New Material 7.mat using Guid(08f480e974a76894aafd94dad6b57fcb) Importer(815301076,1909f56bfc062723c751e8b465ee728b)  -> (artifact id: '41dd92c9042bd6a1ee6b2a11962b1f2f') in 0.018607 seconds
  Import took 0.023425 seconds .

========================================================================
Received Prepare
Registering precompiled user dll's ...
Registered in 0.007599 seconds.
Begin MonoManager ReloadAssembly
Native extension for WindowsStandalone target not found
Native extension for WebGL target not found
Refreshing native plugins compatible for Editor in 0.46 ms, found 2 plugins.
Preloading 0 native plugins for Editor in 0.00 ms.
Mono: successfully reloaded assembly
- Completed reload, in  1.052 seconds
Platform modules already initialized, skipping
Refreshing native plugins compatible for Editor in 0.76 ms, found 2 plugins.
Preloading 0 native plugins for Editor in 0.00 ms.
Unloading 1839 Unused Serialized files (Serialized files now loaded: 0)
System memory in use before: 102.8 MB.
System memory in use after: 102.9 MB.

Unloading 15 unused Assets to reduce memory usage. Loaded Objects now: 2387.
Total: 2.581200 ms (FindLiveObjects: 0.234800 ms CreateObjectMapping: 0.143600 ms MarkObjects: 2.069500 ms  DeleteObjects: 0.132200 ms)

========================================================================
Received Import Request.
  Time since last request: 890.248729 seconds.
  path: Assets/prefabs/zombie.prefab
  artifactKey: Guid(4f0df7851c355e44286392e4f70c6e75) Importer(815301076,1909f56bfc062723c751e8b465ee728b)
Start importing Assets/prefabs/zombie.prefab using Guid(4f0df7851c355e44286392e4f70c6e75) Importer(815301076,1909f56bfc062723c751e8b465ee728b)  -> (artifact id: 'cedfe6d6b984dea9563ddd697e29332b') in 0.064330 seconds
  Import took 0.068815 seconds .

========================================================================
Received Import Request.
  Time since last request: 1.048421 seconds.
  path: Assets/prefabs/gold&flesh/goldcoin.prefab
  artifactKey: Guid(172d1ea7857e3b846affe92cecff3d5b) Importer(815301076,1909f56bfc062723c751e8b465ee728b)
Start importing Assets/prefabs/gold&flesh/goldcoin.prefab using Guid(172d1ea7857e3b846affe92cecff3d5b) Importer(815301076,1909f56bfc062723c751e8b465ee728b)  -> (artifact id: '518a2ecc4f8ced15ab0636204a6686bb') in 0.015916 seconds
  Import took 0.020096 seconds .

========================================================================
Received Prepare
Registering precompiled user dll's ...
Registered in 0.012905 seconds.
Begin MonoManager ReloadAssembly
Native extension for WindowsStandalone target not found
Native extension for WebGL target not found
Refreshing native plugins compatible for Editor in 0.54 ms, found 2 plugins.
Preloading 0 native plugins for Editor in 0.00 ms.
Mono: successfully reloaded assembly
- Completed reload, in  1.411 seconds
Platform modules already initialized, skipping
Refreshing native plugins compatible for Editor in 0.48 ms, found 2 plugins.
Preloading 0 native plugins for Editor in 0.00 ms.
Unloading 1839 Unused Serialized files (Serialized files now loaded: 0)
System memory in use before: 102.9 MB.
System memory in use after: 103.0 MB.

Unloading 14 unused Assets to reduce memory usage. Loaded Objects now: 2392.
Total: 2.111900 ms (FindLiveObjects: 0.173100 ms CreateObjectMapping: 0.064000 ms MarkObjects: 1.751900 ms  DeleteObjects: 0.121900 ms)

========================================================================
Received Prepare
Registering precompiled user dll's ...
Registered in 0.007714 seconds.
Begin MonoManager ReloadAssembly
Native extension for WindowsStandalone target not found
Native extension for WebGL target not found
Refreshing native plugins compatible for Editor in 0.53 ms, found 2 plugins.
Preloading 0 native plugins for Editor in 0.00 ms.
Mono: successfully reloaded assembly
- Completed reload, in  1.066 seconds
Platform modules already initialized, skipping
Refreshing native plugins compatible for Editor in 0.49 ms, found 2 plugins.
Preloading 0 native plugins for Editor in 0.00 ms.
Unloading 1839 Unused Serialized files (Serialized files now loaded: 0)
System memory in use before: 102.9 MB.
System memory in use after: 103.0 MB.

Unloading 14 unused Assets to reduce memory usage. Loaded Objects now: 2395.
Total: 2.026700 ms (FindLiveObjects: 0.170600 ms CreateObjectMapping: 0.064300 ms MarkObjects: 1.665900 ms  DeleteObjects: 0.124900 ms)

========================================================================
Received Import Request.
  Time since last request: 250.295229 seconds.
  path: Assets/HUMASN SKIN MOVEMENT/hotbartimeotpickanitemtoattackbreakanddrop.cs
  artifactKey: Guid(a300c1a1e3fa76543954eb926c6d8627) Importer(815301076,1909f56bfc062723c751e8b465ee728b)
Start importing Assets/HUMASN SKIN MOVEMENT/hotbartimeotpickanitemtoattackbreakanddrop.cs using Guid(a300c1a1e3fa76543954eb926c6d8627) Importer(815301076,1909f56bfc062723c751e8b465ee728b)  -> (artifact id: '04cd4bc8381ddce944280228fa79f7b6') in 0.008407 seconds
  Import took 0.011674 seconds .

========================================================================
Received Import Request.
  Time since last request: 30.412583 seconds.
  path: Assets/HUMASN SKIN MOVEMENT/pickupandbendover.cs
  artifactKey: Guid(0c5a2319460a45043857ac3f97541f33) Importer(815301076,1909f56bfc062723c751e8b465ee728b)
Start importing Assets/HUMASN SKIN MOVEMENT/pickupandbendover.cs using Guid(0c5a2319460a45043857ac3f97541f33) Importer(815301076,1909f56bfc062723c751e8b465ee728b)  -> (artifact id: 'e0ceb3231bed96f66565b861292800ef') in 0.006438 seconds
  Import took 0.010362 seconds .

========================================================================
Received Prepare
Registering precompiled user dll's ...
Registered in 0.007302 seconds.
Begin MonoManager ReloadAssembly
Native extension for WindowsStandalone target not found
Native extension for WebGL target not found
Refreshing native plugins compatible for Editor in 0.49 ms, found 2 plugins.
Preloading 0 native plugins for Editor in 0.00 ms.
Mono: successfully reloaded assembly
- Completed reload, in  1.116 seconds
Platform modules already initialized, skipping
Refreshing native plugins compatible for Editor in 0.47 ms, found 2 plugins.
Preloading 0 native plugins for Editor in 0.00 ms.
Unloading 1840 Unused Serialized files (Serialized files now loaded: 0)
System memory in use before: 102.9 MB.
System memory in use after: 103.0 MB.

Unloading 14 unused Assets to reduce memory usage. Loaded Objects now: 2399.
Total: 2.078700 ms (FindLiveObjects: 0.165900 ms CreateObjectMapping: 0.065000 ms MarkObjects: 1.722600 ms  DeleteObjects: 0.124200 ms)

========================================================================
Received Prepare
Registering precompiled user dll's ...
Registered in 0.009461 seconds.
Begin MonoManager ReloadAssembly
Native extension for WindowsStandalone target not found
Native extension for WebGL target not found
Refreshing native plugins compatible for Editor in 0.55 ms, found 2 plugins.
Preloading 0 native plugins for Editor in 0.00 ms.
Mono: successfully reloaded assembly
- Completed reload, in  1.312 seconds
Platform modules already initialized, skipping
Refreshing native plugins compatible for Editor in 0.53 ms, found 2 plugins.
Preloading 0 native plugins for Editor in 0.00 ms.
Unloading 1840 Unused Serialized files (Serialized files now loaded: 0)
System memory in use before: 102.9 MB.
System memory in use after: 103.0 MB.

Unloading 14 unused Assets to reduce memory usage. Loaded Objects now: 2402.
Total: 3.666900 ms (FindLiveObjects: 0.262500 ms CreateObjectMapping: 0.202600 ms MarkObjects: 3.043700 ms  DeleteObjects: 0.156400 ms)

========================================================================
Received Prepare
Registering precompiled user dll's ...
Registered in 0.007529 seconds.
Begin MonoManager ReloadAssembly
Native extension for WindowsStandalone target not found
Native extension for WebGL target not found
Refreshing native plugins compatible for Editor in 0.79 ms, found 2 plugins.
Preloading 0 native plugins for Editor in 0.00 ms.
Mono: successfully reloaded assembly
- Completed reload, in  1.198 seconds
Platform modules already initialized, skipping
Refreshing native plugins compatible for Editor in 0.98 ms, found 2 plugins.
Preloading 0 native plugins for Editor in 0.00 ms.
Unloading 1840 Unused Serialized files (Serialized files now loaded: 0)
System memory in use before: 102.9 MB.
System memory in use after: 103.0 MB.

Unloading 14 unused Assets to reduce memory usage. Loaded Objects now: 2405.
Total: 4.316000 ms (FindLiveObjects: 0.481600 ms CreateObjectMapping: 0.311900 ms MarkObjects: 3.373200 ms  DeleteObjects: 0.147000 ms)

========================================================================
Received Prepare
Registering precompiled user dll's ...
Registered in 0.007247 seconds.
Begin MonoManager ReloadAssembly
Native extension for WindowsStandalone target not found
Native extension for WebGL target not found
Refreshing native plugins compatible for Editor in 0.46 ms, found 2 plugins.
Preloading 0 native plugins for Editor in 0.00 ms.
Mono: successfully reloaded assembly
- Completed reload, in  1.040 seconds
Platform modules already initialized, skipping
Refreshing native plugins compatible for Editor in 0.48 ms, found 2 plugins.
Preloading 0 native plugins for Editor in 0.00 ms.
Unloading 1840 Unused Serialized files (Serialized files now loaded: 0)
System memory in use before: 103.0 MB.
System memory in use after: 103.0 MB.

Unloading 14 unused Assets to reduce memory usage. Loaded Objects now: 2408.
Total: 2.024500 ms (FindLiveObjects: 0.162400 ms CreateObjectMapping: 0.065000 ms MarkObjects: 1.679300 ms  DeleteObjects: 0.116600 ms)

========================================================================
Received Import Request.
  Time since last request: 1092.050405 seconds.
  path: Assets/prefabs/gold&flesh/goldcoin.prefab
  artifactKey: Guid(172d1ea7857e3b846affe92cecff3d5b) Importer(815301076,1909f56bfc062723c751e8b465ee728b)
Start importing Assets/prefabs/gold&flesh/goldcoin.prefab using Guid(172d1ea7857e3b846affe92cecff3d5b) Importer(815301076,1909f56bfc062723c751e8b465ee728b)  -> (artifact id: 'f53619f206c42b4b458ea54705817867') in 0.073497 seconds
  Import took 0.077980 seconds .

========================================================================
Received Prepare
Registering precompiled user dll's ...
Registered in 0.007321 seconds.
Begin MonoManager ReloadAssembly
Native extension for WindowsStandalone target not found
Native extension for WebGL target not found
Refreshing native plugins compatible for Editor in 0.47 ms, found 2 plugins.
Preloading 0 native plugins for Editor in 0.00 ms.
Mono: successfully reloaded assembly
- Completed reload, in  1.028 seconds
Platform modules already initialized, skipping
Refreshing native plugins compatible for Editor in 0.83 ms, found 2 plugins.
Preloading 0 native plugins for Editor in 0.00 ms.
Unloading 1840 Unused Serialized files (Serialized files now loaded: 0)
System memory in use before: 103.0 MB.
System memory in use after: 103.0 MB.

Unloading 14 unused Assets to reduce memory usage. Loaded Objects now: 2412.
Total: 2.475500 ms (FindLiveObjects: 0.229500 ms CreateObjectMapping: 0.134400 ms MarkObjects: 1.989600 ms  DeleteObjects: 0.120700 ms)

========================================================================
Received Import Request.
  Time since last request: 79.656278 seconds.
  path: Assets/prefabs/gold&flesh/goldcoin.prefab
  artifactKey: Guid(172d1ea7857e3b846affe92cecff3d5b) Importer(815301076,1909f56bfc062723c751e8b465ee728b)
Start importing Assets/prefabs/gold&flesh/goldcoin.prefab using Guid(172d1ea7857e3b846affe92cecff3d5b) Importer(815301076,1909f56bfc062723c751e8b465ee728b)  -> (artifact id: '7c6446c90c054f74083051db1e7a09a3') in 0.059913 seconds
  Import took 0.064231 seconds .

========================================================================
Received Import Request.
  Time since last request: 12.384867 seconds.
  path: Assets/prefabs/gold&flesh/goldcoin.prefab
  artifactKey: Guid(172d1ea7857e3b846affe92cecff3d5b) Importer(815301076,1909f56bfc062723c751e8b465ee728b)
Start importing Assets/prefabs/gold&flesh/goldcoin.prefab using Guid(172d1ea7857e3b846affe92cecff3d5b) Importer(815301076,1909f56bfc062723c751e8b465ee728b)  -> (artifact id: 'ff8dc78edf7364976ab8f5df745127a7') in 0.021507 seconds
  Import took 0.026305 seconds .

========================================================================
Received Import Request.
  Time since last request: 7.642799 seconds.
  path: Assets/prefabs/gold&flesh/goldcoin.prefab
  artifactKey: Guid(172d1ea7857e3b846affe92cecff3d5b) Importer(815301076,1909f56bfc062723c751e8b465ee728b)
Start importing Assets/prefabs/gold&flesh/goldcoin.prefab using Guid(172d1ea7857e3b846affe92cecff3d5b) Importer(815301076,1909f56bfc062723c751e8b465ee728b)  -> (artifact id: '2bd0ed6d0104572546f26840c6f2fb9f') in 0.019119 seconds
  Import took 0.023332 seconds .

========================================================================
Received Import Request.
  Time since last request: 8.891766 seconds.
  path: Assets/prefabs/gold&flesh/goldcoin.prefab
  artifactKey: Guid(172d1ea7857e3b846affe92cecff3d5b) Importer(815301076,1909f56bfc062723c751e8b465ee728b)
Start importing Assets/prefabs/gold&flesh/goldcoin.prefab using Guid(172d1ea7857e3b846affe92cecff3d5b) Importer(815301076,1909f56bfc062723c751e8b465ee728b)  -> (artifact id: '219437d17bb9f58eab75eb9ef69ce9a4') in 0.018764 seconds
  Import took 0.023059 seconds .

========================================================================
Received Import Request.
  Time since last request: 6.906751 seconds.
  path: Assets/prefabs/gold&flesh/goldcoin.prefab
  artifactKey: Guid(172d1ea7857e3b846affe92cecff3d5b) Importer(815301076,1909f56bfc062723c751e8b465ee728b)
Start importing Assets/prefabs/gold&flesh/goldcoin.prefab using Guid(172d1ea7857e3b846affe92cecff3d5b) Importer(815301076,1909f56bfc062723c751e8b465ee728b)  -> (artifact id: '287553c88fd4c36504294804264b8284') in 0.014971 seconds
  Import took 0.020577 seconds .

========================================================================
Received Import Request.
  Time since last request: 43.175441 seconds.
  path: Assets/prefabs/gold&flesh/goldcoin.prefab
  artifactKey: Guid(172d1ea7857e3b846affe92cecff3d5b) Importer(815301076,1909f56bfc062723c751e8b465ee728b)
Start importing Assets/prefabs/gold&flesh/goldcoin.prefab using Guid(172d1ea7857e3b846affe92cecff3d5b) Importer(815301076,1909f56bfc062723c751e8b465ee728b)  -> (artifact id: 'f13ee00401859b5d5fb2d7ffd2786c9e') in 0.020568 seconds
  Import took 0.024925 seconds .

========================================================================
Received Import Request.
  Time since last request: 10.462676 seconds.
  path: Assets/prefabs/gold&flesh/goldcoin.prefab
  artifactKey: Guid(172d1ea7857e3b846affe92cecff3d5b) Importer(815301076,1909f56bfc062723c751e8b465ee728b)
Start importing Assets/prefabs/gold&flesh/goldcoin.prefab using Guid(172d1ea7857e3b846affe92cecff3d5b) Importer(815301076,1909f56bfc062723c751e8b465ee728b)  -> (artifact id: '152d89f0fec10c4b8ae6107369225d81') in 0.023042 seconds
  Import took 0.027357 seconds .

========================================================================
Received Import Request.
  Time since last request: 5.884305 seconds.
  path: Assets/prefabs/gold&flesh/goldcoin.prefab
  artifactKey: Guid(172d1ea7857e3b846affe92cecff3d5b) Importer(815301076,1909f56bfc062723c751e8b465ee728b)
Start importing Assets/prefabs/gold&flesh/goldcoin.prefab using Guid(172d1ea7857e3b846affe92cecff3d5b) Importer(815301076,1909f56bfc062723c751e8b465ee728b)  -> (artifact id: '07c0103b994166160aaf1e79c56c45c3') in 0.013605 seconds
  Import took 0.018646 seconds .

========================================================================
Received Import Request.
  Time since last request: 6.906331 seconds.
  path: Assets/prefabs/gold&flesh/goldcoin.prefab
  artifactKey: Guid(172d1ea7857e3b846affe92cecff3d5b) Importer(815301076,1909f56bfc062723c751e8b465ee728b)
Start importing Assets/prefabs/gold&flesh/goldcoin.prefab using Guid(172d1ea7857e3b846affe92cecff3d5b) Importer(815301076,1909f56bfc062723c751e8b465ee728b)  -> (artifact id: '09a9b9606ae12e3cfbdc34f0501ed5de') in 0.022617 seconds
  Import took 0.026933 seconds .

========================================================================
Received Import Request.
  Time since last request: 7.917259 seconds.
  path: Assets/prefabs/gold&flesh/goldcoin.prefab
  artifactKey: Guid(172d1ea7857e3b846affe92cecff3d5b) Importer(815301076,1909f56bfc062723c751e8b465ee728b)
Start importing Assets/prefabs/gold&flesh/goldcoin.prefab using Guid(172d1ea7857e3b846affe92cecff3d5b) Importer(815301076,1909f56bfc062723c751e8b465ee728b)  -> (artifact id: 'f5439de495a3078554bc575af1b7c93b') in 0.018804 seconds
  Import took 0.023091 seconds .

========================================================================
Received Prepare
Registering precompiled user dll's ...
Registered in 0.007491 seconds.
Begin MonoManager ReloadAssembly
Native extension for WindowsStandalone target not found
Native extension for WebGL target not found
Refreshing native plugins compatible for Editor in 0.47 ms, found 2 plugins.
Preloading 0 native plugins for Editor in 0.00 ms.
Mono: successfully reloaded assembly
- Completed reload, in  1.069 seconds
Platform modules already initialized, skipping
Refreshing native plugins compatible for Editor in 0.81 ms, found 2 plugins.
Preloading 0 native plugins for Editor in 0.00 ms.
Unloading 1840 Unused Serialized files (Serialized files now loaded: 0)
System memory in use before: 103.0 MB.
System memory in use after: 103.1 MB.

Unloading 14 unused Assets to reduce memory usage. Loaded Objects now: 2416.
Total: 2.669100 ms (FindLiveObjects: 0.238100 ms CreateObjectMapping: 0.203600 ms MarkObjects: 2.096400 ms  DeleteObjects: 0.130000 ms)

========================================================================
Received Import Request.
  Time since last request: 171.897343 seconds.
  path: Assets/prefabs/gold&flesh/goldcoin.prefab
  artifactKey: Guid(172d1ea7857e3b846affe92cecff3d5b) Importer(815301076,1909f56bfc062723c751e8b465ee728b)
Start importing Assets/prefabs/gold&flesh/goldcoin.prefab using Guid(172d1ea7857e3b846affe92cecff3d5b) Importer(815301076,1909f56bfc062723c751e8b465ee728b)  -> (artifact id: '0e4a2e69b5e845fc1a8b55d3433235c0') in 0.056584 seconds
  Import took 0.060533 seconds .

========================================================================
Received Import Request.
  Time since last request: 3.943662 seconds.
  path: Assets/HUMASN SKIN MOVEMENT/zombiefollowingyouinyoursleepandkilliingyou.cs
  artifactKey: Guid(822565c0b1e6ca74c9e1aa80aabacdca) Importer(815301076,1909f56bfc062723c751e8b465ee728b)
Start importing Assets/HUMASN SKIN MOVEMENT/zombiefollowingyouinyoursleepandkilliingyou.cs using Guid(822565c0b1e6ca74c9e1aa80aabacdca) Importer(815301076,1909f56bfc062723c751e8b465ee728b)  -> (artifact id: 'ab830ed81eef5b6c995f3626726aa13a') in 0.006180 seconds
  Import took 0.009956 seconds .

========================================================================
Received Import Request.
  Time since last request: 0.029937 seconds.
  path: Assets/HUMASN SKIN MOVEMENT/zombiefollowingyouinyoursleepandkilliingyou.cs
  artifactKey: Guid(822565c0b1e6ca74c9e1aa80aabacdca) Importer(815301076,1909f56bfc062723c751e8b465ee728b)
Start importing Assets/HUMASN SKIN MOVEMENT/zombiefollowingyouinyoursleepandkilliingyou.cs using Guid(822565c0b1e6ca74c9e1aa80aabacdca) Importer(815301076,1909f56bfc062723c751e8b465ee728b)  -> (artifact id: 'ab830ed81eef5b6c995f3626726aa13a') in 0.002890 seconds
  Import took 0.006719 seconds .

========================================================================
Received Prepare
Registering precompiled user dll's ...
Registered in 0.010271 seconds.
Begin MonoManager ReloadAssembly
Native extension for WindowsStandalone target not found
Native extension for WebGL target not found
Refreshing native plugins compatible for Editor in 0.49 ms, found 2 plugins.
Preloading 0 native plugins for Editor in 0.00 ms.
Mono: successfully reloaded assembly
- Completed reload, in  1.089 seconds
Platform modules already initialized, skipping
Script is not up to date after domain reload: guid(1af54f931523618489980360a250d0dd) path("Assets/HUMASN SKIN MOVEMENT/zombiefollowingyouinyoursleepandkilliingyou1.cs") state(2)
Refreshing native plugins compatible for Editor in 0.75 ms, found 2 plugins.
Preloading 0 native plugins for Editor in 0.00 ms.
Unloading 1840 Unused Serialized files (Serialized files now loaded: 0)
System memory in use before: 103.0 MB.
System memory in use after: 103.1 MB.

Unloading 14 unused Assets to reduce memory usage. Loaded Objects now: 2420.
Total: 2.597800 ms (FindLiveObjects: 0.228400 ms CreateObjectMapping: 0.127600 ms MarkObjects: 2.107400 ms  DeleteObjects: 0.133100 ms)

========================================================================
Received Import Request.
  Time since last request: 114.332577 seconds.
  path: Assets/HUMASN SKIN MOVEMENT/zombiefollowingyouinyoursleepandkilliingyou1.cs
  artifactKey: Guid(1af54f931523618489980360a250d0dd) Importer(815301076,1909f56bfc062723c751e8b465ee728b)
Start importing Assets/HUMASN SKIN MOVEMENT/zombiefollowingyouinyoursleepandkilliingyou1.cs using Guid(1af54f931523618489980360a250d0dd) Importer(815301076,1909f56bfc062723c751e8b465ee728b)  -> (artifact id: '82835c5726e3e78d57684da9fca7c1e9') in 0.009407 seconds
  Import took 0.012992 seconds .

========================================================================
Received Import Request.
  Time since last request: 31.306169 seconds.
  path: Assets/HUMASN SKIN MOVEMENT/zombiefollowingyouinyoursleepandkilliingyou.cs
  artifactKey: Guid(822565c0b1e6ca74c9e1aa80aabacdca) Importer(815301076,1909f56bfc062723c751e8b465ee728b)
Start importing Assets/HUMASN SKIN MOVEMENT/zombiefollowingyouinyoursleepandkilliingyou.cs using Guid(822565c0b1e6ca74c9e1aa80aabacdca) Importer(815301076,1909f56bfc062723c751e8b465ee728b)  -> (artifact id: '615743d3540c6b3cd7f05991520386ec') in 0.002698 seconds
  Import took 0.006394 seconds .

========================================================================
Received Prepare
Registering precompiled user dll's ...
Registered in 0.007402 seconds.
Begin MonoManager ReloadAssembly
Native extension for WindowsStandalone target not found
Native extension for WebGL target not found
Refreshing native plugins compatible for Editor in 0.46 ms, found 2 plugins.
Preloading 0 native plugins for Editor in 0.00 ms.
Mono: successfully reloaded assembly
- Completed reload, in  0.986 seconds
Platform modules already initialized, skipping
Refreshing native plugins compatible for Editor in 0.47 ms, found 2 plugins.
Preloading 0 native plugins for Editor in 0.00 ms.
Unloading 1840 Unused Serialized files (Serialized files now loaded: 0)
System memory in use before: 103.0 MB.
System memory in use after: 103.1 MB.

Unloading 14 unused Assets to reduce memory usage. Loaded Objects now: 2423.
Total: 2.151700 ms (FindLiveObjects: 0.164900 ms CreateObjectMapping: 0.064400 ms MarkObjects: 1.797700 ms  DeleteObjects: 0.123700 ms)

========================================================================
Received Prepare
Registering precompiled user dll's ...
Registered in 0.008550 seconds.
Begin MonoManager ReloadAssembly
Native extension for WindowsStandalone target not found
Native extension for WebGL target not found
Refreshing native plugins compatible for Editor in 1.48 ms, found 2 plugins.
Preloading 0 native plugins for Editor in 0.00 ms.
Mono: successfully reloaded assembly
- Completed reload, in  1.751 seconds
Platform modules already initialized, skipping
Refreshing native plugins compatible for Editor in 0.86 ms, found 2 plugins.
Preloading 0 native plugins for Editor in 0.00 ms.
Unloading 1840 Unused Serialized files (Serialized files now loaded: 0)
System memory in use before: 103.0 MB.
System memory in use after: 103.1 MB.

Unloading 14 unused Assets to reduce memory usage. Loaded Objects now: 2426.
Total: 2.089200 ms (FindLiveObjects: 0.180000 ms CreateObjectMapping: 0.065900 ms MarkObjects: 1.723900 ms  DeleteObjects: 0.118400 ms)

========================================================================
Received Prepare
Registering precompiled user dll's ...
Registered in 0.007189 seconds.
Begin MonoManager ReloadAssembly
Native extension for WindowsStandalone target not found
Native extension for WebGL target not found
Refreshing native plugins compatible for Editor in 0.52 ms, found 2 plugins.
Preloading 0 native plugins for Editor in 0.00 ms.
Mono: successfully reloaded assembly
- Completed reload, in  1.430 seconds
Platform modules already initialized, skipping
Refreshing native plugins compatible for Editor in 0.81 ms, found 2 plugins.
Preloading 0 native plugins for Editor in 0.00 ms.
Unloading 1840 Unused Serialized files (Serialized files now loaded: 0)
System memory in use before: 103.0 MB.
System memory in use after: 103.1 MB.

Unloading 14 unused Assets to reduce memory usage. Loaded Objects now: 2429.
Total: 2.696400 ms (FindLiveObjects: 0.264300 ms CreateObjectMapping: 0.160200 ms MarkObjects: 2.139300 ms  DeleteObjects: 0.131300 ms)

========================================================================
Received Prepare
Registering precompiled user dll's ...
Registered in 0.009041 seconds.
Begin MonoManager ReloadAssembly
Native extension for WindowsStandalone target not found
Native extension for WebGL target not found
Refreshing native plugins compatible for Editor in 0.52 ms, found 2 plugins.
Preloading 0 native plugins for Editor in 0.00 ms.
Mono: successfully reloaded assembly
- Completed reload, in  1.763 seconds
Platform modules already initialized, skipping
Refreshing native plugins compatible for Editor in 1.71 ms, found 2 plugins.
Preloading 0 native plugins for Editor in 0.00 ms.
Unloading 1840 Unused Serialized files (Serialized files now loaded: 0)
System memory in use before: 103.0 MB.
System memory in use after: 103.1 MB.

Unloading 14 unused Assets to reduce memory usage. Loaded Objects now: 2432.
Total: 5.401500 ms (FindLiveObjects: 0.263500 ms CreateObjectMapping: 0.108800 ms MarkObjects: 4.886200 ms  DeleteObjects: 0.141300 ms)

AssetImportWorkerClient::OnTransportError - code=2 error=End of file
