Using pre-set license
Built from '2020.3/staging' branch; Version is '2020.3.11f1 (99c7afb366b3) revision 10078127'; Using compiler version '192528614'; Build Type 'Release'
OS: 'Windows 10 Pro; OS build 19044.1766; Version 2009; 64bit' Language: 'en' Physical Memory: 16289 MB
BatchMode: 1, IsHumanControllingUs: 0, StartBugReporterOnCrash: 0, Is64bit: 1, IsPro: 0

 COMMAND LINE ARGUMENTS:
C:\Program Files\Unity\Hub\Editor\2020.3.11f1\Editor\Unity.exe
-adb2
-batchMode
-noUpm
-name
AssetImportWorker0
-projectPath
C:/Users/plymo/OneDrive/Student/Main Desktop/Student/Miyu/zombie game
-logFile
Logs/AssetImportWorker0.log
-srvPort
63160
Successfully changed project path to: C:/Users/plymo/OneDrive/Student/Main Desktop/Student/Miyu/zombie game
C:/Users/plymo/OneDrive/Student/Main Desktop/Student/Miyu/zombie game
Using Asset Import Pipeline V2.
Refreshing native plugins compatible for Editor in 61.36 ms, found 2 plugins.
Preloading 0 native plugins for Editor in 0.00 ms.
Initialize engine version: 2020.3.11f1 (99c7afb366b3)
[Subsystems] Discovering subsystems at path C:/Program Files/Unity/Hub/Editor/2020.3.11f1/Editor/Data/Resources/UnitySubsystems
[Subsystems] Discovering subsystems at path C:/Users/plymo/OneDrive/Student/Main Desktop/Student/Miyu/zombie game/Assets
GfxDevice: creating device client; threaded=0
Direct3D:
    Version:  Direct3D 11.0 [level 11.1]
    Renderer: Intel(R) HD Graphics 4600 (ID=0x412)
    Vendor:   
    VRAM:     2048 MB
    Driver:   20.19.15.5144
Initialize mono
Mono path[0] = 'C:/Program Files/Unity/Hub/Editor/2020.3.11f1/Editor/Data/Managed'
Mono path[1] = 'C:/Program Files/Unity/Hub/Editor/2020.3.11f1/Editor/Data/MonoBleedingEdge/lib/mono/unityjit'
Mono config path = 'C:/Program Files/Unity/Hub/Editor/2020.3.11f1/Editor/Data/MonoBleedingEdge/etc'
Using monoOptions --debugger-agent=transport=dt_socket,embedding=1,server=y,suspend=n,address=127.0.0.1:56640
Begin MonoManager ReloadAssembly
Registering precompiled unity dll's ...
Register platform support module: C:/Program Files/Unity/Hub/Editor/2020.3.11f1/Editor/Data/PlaybackEngines/WebGLSupport/UnityEditor.WebGL.Extensions.dll
Register platform support module: C:/Program Files/Unity/Hub/Editor/2020.3.11f1/Editor/Data/PlaybackEngines/WindowsStandaloneSupport/UnityEditor.WindowsStandalone.Extensions.dll
Registered in 0.006440 seconds.
Native extension for WindowsStandalone target not found
Native extension for WebGL target not found
Refreshing native plugins compatible for Editor in 58.89 ms, found 2 plugins.
Preloading 0 native plugins for Editor in 0.00 ms.
Mono: successfully reloaded assembly
- Completed reload, in  2.103 seconds
Platform modules already initialized, skipping
Registering precompiled user dll's ...
Registered in 0.012652 seconds.
Begin MonoManager ReloadAssembly
Native extension for WindowsStandalone target not found
Native extension for WebGL target not found
Refreshing native plugins compatible for Editor in 0.52 ms, found 2 plugins.
Preloading 0 native plugins for Editor in 0.00 ms.
Mono: successfully reloaded assembly
- Completed reload, in  1.670 seconds
Platform modules already initialized, skipping
========================================================================
Worker process is ready to serve import requests
Launched and connected shader compiler UnityShaderCompiler.exe after 0.05 seconds
Refreshing native plugins compatible for Editor in 0.50 ms, found 2 plugins.
Preloading 0 native plugins for Editor in 0.00 ms.
Unloading 1865 Unused Serialized files (Serialized files now loaded: 0)
System memory in use before: 101.5 MB.
System memory in use after: 101.5 MB.

Unloading 18 unused Assets to reduce memory usage. Loaded Objects now: 2333.
Total: 3.181700 ms (FindLiveObjects: 0.268600 ms CreateObjectMapping: 0.159600 ms MarkObjects: 2.568100 ms  DeleteObjects: 0.184400 ms)

========================================================================
Received Import Request.
  path: Assets/terriangoingcrazyrocksmorerockandevenmorerocks.cs
  artifactKey: Guid(9bc80d9b43ec87445bd6d10382bc7668) Importer(815301076,1909f56bfc062723c751e8b465ee728b)
Start importing Assets/terriangoingcrazyrocksmorerockandevenmorerocks.cs using Guid(9bc80d9b43ec87445bd6d10382bc7668) Importer(815301076,1909f56bfc062723c751e8b465ee728b)  -> (artifact id: 'a7e0b71cdb3595e1a5bbbdf7cb045e7d') in 0.047589 seconds
  Import took 0.052889 seconds .

========================================================================
Received Prepare
Registering precompiled user dll's ...
Registered in 0.009208 seconds.
Begin MonoManager ReloadAssembly
Native extension for WindowsStandalone target not found
Native extension for WebGL target not found
Refreshing native plugins compatible for Editor in 0.49 ms, found 2 plugins.
Preloading 0 native plugins for Editor in 0.00 ms.
Mono: successfully reloaded assembly
- Completed reload, in  1.054 seconds
Platform modules already initialized, skipping
Refreshing native plugins compatible for Editor in 0.71 ms, found 2 plugins.
Preloading 0 native plugins for Editor in 0.00 ms.
Unloading 1831 Unused Serialized files (Serialized files now loaded: 0)
System memory in use before: 98.6 MB.
System memory in use after: 98.7 MB.

Unloading 14 unused Assets to reduce memory usage. Loaded Objects now: 2336.
Total: 2.238300 ms (FindLiveObjects: 0.148400 ms CreateObjectMapping: 0.063900 ms MarkObjects: 1.865200 ms  DeleteObjects: 0.159800 ms)

========================================================================
Received Import Request.
  Time since last request: 65.897510 seconds.
  path: Assets/terriangoingcrazyrocksmorerockandevenmorerocks.cs
  artifactKey: Guid(9bc80d9b43ec87445bd6d10382bc7668) Importer(815301076,1909f56bfc062723c751e8b465ee728b)
Start importing Assets/terriangoingcrazyrocksmorerockandevenmorerocks.cs using Guid(9bc80d9b43ec87445bd6d10382bc7668) Importer(815301076,1909f56bfc062723c751e8b465ee728b)  -> (artifact id: '240163259a74358333d149a2ff8ccf88') in 0.005821 seconds
  Import took 0.010388 seconds .

========================================================================
Received Prepare
Registering precompiled user dll's ...
Registered in 0.007545 seconds.
Begin MonoManager ReloadAssembly
Native extension for WindowsStandalone target not found
Native extension for WebGL target not found
Refreshing native plugins compatible for Editor in 0.76 ms, found 2 plugins.
Preloading 0 native plugins for Editor in 0.00 ms.
Mono: successfully reloaded assembly
- Completed reload, in  1.193 seconds
Platform modules already initialized, skipping
Refreshing native plugins compatible for Editor in 0.75 ms, found 2 plugins.
Preloading 0 native plugins for Editor in 0.00 ms.
Unloading 1831 Unused Serialized files (Serialized files now loaded: 0)
System memory in use before: 98.6 MB.
System memory in use after: 98.7 MB.

Unloading 14 unused Assets to reduce memory usage. Loaded Objects now: 2339.
Total: 2.429800 ms (FindLiveObjects: 0.212800 ms CreateObjectMapping: 0.131200 ms MarkObjects: 1.973800 ms  DeleteObjects: 0.111100 ms)

========================================================================
Received Prepare
Registering precompiled user dll's ...
Registered in 0.007200 seconds.
Begin MonoManager ReloadAssembly
Native extension for WindowsStandalone target not found
Native extension for WebGL target not found
Refreshing native plugins compatible for Editor in 0.54 ms, found 2 plugins.
Preloading 0 native plugins for Editor in 0.00 ms.
Mono: successfully reloaded assembly
- Completed reload, in  1.273 seconds
Platform modules already initialized, skipping
Refreshing native plugins compatible for Editor in 0.51 ms, found 2 plugins.
Preloading 0 native plugins for Editor in 0.00 ms.
Unloading 1831 Unused Serialized files (Serialized files now loaded: 0)
System memory in use before: 98.6 MB.
System memory in use after: 98.7 MB.

Unloading 14 unused Assets to reduce memory usage. Loaded Objects now: 2342.
Total: 2.336800 ms (FindLiveObjects: 0.187600 ms CreateObjectMapping: 0.066700 ms MarkObjects: 1.953400 ms  DeleteObjects: 0.127700 ms)

========================================================================
Received Import Request.
  Time since last request: 196.336843 seconds.
  path: Assets/terriangoingcrazyrocksmorerockandevenmorerocks.cs
  artifactKey: Guid(9bc80d9b43ec87445bd6d10382bc7668) Importer(815301076,1909f56bfc062723c751e8b465ee728b)
Start importing Assets/terriangoingcrazyrocksmorerockandevenmorerocks.cs using Guid(9bc80d9b43ec87445bd6d10382bc7668) Importer(815301076,1909f56bfc062723c751e8b465ee728b)  -> (artifact id: '47533b361db89eb4d68b66091f4dab32') in 0.007813 seconds
  Import took 0.012204 seconds .

========================================================================
Received Import Request.
  Time since last request: 0.058605 seconds.
  path: Assets/terriangoingcrazyrocksmorerockandevenmorerocks.cs
  artifactKey: Guid(9bc80d9b43ec87445bd6d10382bc7668) Importer(815301076,1909f56bfc062723c751e8b465ee728b)
Start importing Assets/terriangoingcrazyrocksmorerockandevenmorerocks.cs using Guid(9bc80d9b43ec87445bd6d10382bc7668) Importer(815301076,1909f56bfc062723c751e8b465ee728b)  -> (artifact id: '47533b361db89eb4d68b66091f4dab32') in 0.003399 seconds
  Import took 0.007681 seconds .

========================================================================
Received Prepare
Registering precompiled user dll's ...
Registered in 0.007273 seconds.
Begin MonoManager ReloadAssembly
Native extension for WindowsStandalone target not found
Native extension for WebGL target not found
Refreshing native plugins compatible for Editor in 0.45 ms, found 2 plugins.
Preloading 0 native plugins for Editor in 0.00 ms.
Mono: successfully reloaded assembly
- Completed reload, in  1.020 seconds
Platform modules already initialized, skipping
Refreshing native plugins compatible for Editor in 0.45 ms, found 2 plugins.
Preloading 0 native plugins for Editor in 0.00 ms.
Unloading 1831 Unused Serialized files (Serialized files now loaded: 0)
System memory in use before: 98.6 MB.
System memory in use after: 98.7 MB.

Unloading 14 unused Assets to reduce memory usage. Loaded Objects now: 2345.
Total: 2.071000 ms (FindLiveObjects: 0.162700 ms CreateObjectMapping: 0.063900 ms MarkObjects: 1.738200 ms  DeleteObjects: 0.105200 ms)

========================================================================
Received Import Request.
  Time since last request: 85.596903 seconds.
  path: Assets/prefabs/pic.prefab
  artifactKey: Guid(48814648a2b3c3545afeadaa6e3c8385) Importer(815301076,1909f56bfc062723c751e8b465ee728b)
Start importing Assets/prefabs/pic.prefab using Guid(48814648a2b3c3545afeadaa6e3c8385) Importer(815301076,1909f56bfc062723c751e8b465ee728b)  -> (artifact id: '8b757770d53feac2ef50c3333aa2c179') in 0.042406 seconds
  Import took 0.046564 seconds .

========================================================================
Received Import Request.
  Time since last request: 18.089221 seconds.
  path: Assets/prefabs/pic.prefab
  artifactKey: Guid(48814648a2b3c3545afeadaa6e3c8385) Importer(815301076,1909f56bfc062723c751e8b465ee728b)
Start importing Assets/prefabs/pic.prefab using Guid(48814648a2b3c3545afeadaa6e3c8385) Importer(815301076,1909f56bfc062723c751e8b465ee728b)  -> (artifact id: 'f8ea746d7a1c54792590bd7553e6cf10') in 0.064794 seconds
  Import took 0.069504 seconds .

========================================================================
Received Import Request.
  Time since last request: 6.645328 seconds.
  path: Assets/prefabs/pic.prefab
  artifactKey: Guid(48814648a2b3c3545afeadaa6e3c8385) Importer(815301076,1909f56bfc062723c751e8b465ee728b)
Start importing Assets/prefabs/pic.prefab using Guid(48814648a2b3c3545afeadaa6e3c8385) Importer(815301076,1909f56bfc062723c751e8b465ee728b)  -> (artifact id: 'cc83d0e3b370a891b90e8cd2c3c8a907') in 0.014276 seconds
  Import took 0.019171 seconds .

========================================================================
Received Import Request.
  Time since last request: 5.849593 seconds.
  path: Assets/prefabs/pic.prefab
  artifactKey: Guid(48814648a2b3c3545afeadaa6e3c8385) Importer(815301076,1909f56bfc062723c751e8b465ee728b)
Start importing Assets/prefabs/pic.prefab using Guid(48814648a2b3c3545afeadaa6e3c8385) Importer(815301076,1909f56bfc062723c751e8b465ee728b)  -> (artifact id: '2659507d70340a73710fdda3d2d9399e') in 0.029318 seconds
  Import took 0.034720 seconds .

========================================================================
Received Import Request.
  Time since last request: 1.568768 seconds.
  path: Assets/prefabs/pic.prefab
  artifactKey: Guid(48814648a2b3c3545afeadaa6e3c8385) Importer(815301076,1909f56bfc062723c751e8b465ee728b)
Start importing Assets/prefabs/pic.prefab using Guid(48814648a2b3c3545afeadaa6e3c8385) Importer(815301076,1909f56bfc062723c751e8b465ee728b)  -> (artifact id: '2bee6d1b88bc47b174fb4580b5af9ac3') in 0.017857 seconds
  Import took 0.022187 seconds .

========================================================================
Received Import Request.
  Time since last request: 5.255714 seconds.
  path: Assets/prefabs/pic.prefab
  artifactKey: Guid(48814648a2b3c3545afeadaa6e3c8385) Importer(815301076,1909f56bfc062723c751e8b465ee728b)
Start importing Assets/prefabs/pic.prefab using Guid(48814648a2b3c3545afeadaa6e3c8385) Importer(815301076,1909f56bfc062723c751e8b465ee728b)  -> (artifact id: 'bf3b0bce2981d86b9f80a21fdab54487') in 0.016184 seconds
  Import took 0.021047 seconds .

========================================================================
Received Import Request.
  Time since last request: 6.475287 seconds.
  path: Assets/prefabs/pic.prefab
  artifactKey: Guid(48814648a2b3c3545afeadaa6e3c8385) Importer(815301076,1909f56bfc062723c751e8b465ee728b)
Start importing Assets/prefabs/pic.prefab using Guid(48814648a2b3c3545afeadaa6e3c8385) Importer(815301076,1909f56bfc062723c751e8b465ee728b)  -> (artifact id: 'ebc806479db1c27d6cdcf7b1089091cd') in 0.018675 seconds
  Import took 0.024209 seconds .

========================================================================
Received Import Request.
  Time since last request: 4.668636 seconds.
  path: Assets/prefabs/pic.prefab
  artifactKey: Guid(48814648a2b3c3545afeadaa6e3c8385) Importer(815301076,1909f56bfc062723c751e8b465ee728b)
Start importing Assets/prefabs/pic.prefab using Guid(48814648a2b3c3545afeadaa6e3c8385) Importer(815301076,1909f56bfc062723c751e8b465ee728b)  -> (artifact id: '5a433fc0134b4003e72b0dce54e2b51f') in 0.027916 seconds
  Import took 0.032297 seconds .

========================================================================
Received Import Request.
  Time since last request: 15.594178 seconds.
  path: Assets/prefabs/pic.prefab
  artifactKey: Guid(48814648a2b3c3545afeadaa6e3c8385) Importer(815301076,1909f56bfc062723c751e8b465ee728b)
Start importing Assets/prefabs/pic.prefab using Guid(48814648a2b3c3545afeadaa6e3c8385) Importer(815301076,1909f56bfc062723c751e8b465ee728b)  -> (artifact id: 'ade48e7b7d2bb20c1b9725290f4db50d') in 0.014629 seconds
  Import took 0.019156 seconds .

========================================================================
Received Import Request.
  Time since last request: 3.820208 seconds.
  path: Assets/prefabs/pic.prefab
  artifactKey: Guid(48814648a2b3c3545afeadaa6e3c8385) Importer(815301076,1909f56bfc062723c751e8b465ee728b)
Start importing Assets/prefabs/pic.prefab using Guid(48814648a2b3c3545afeadaa6e3c8385) Importer(815301076,1909f56bfc062723c751e8b465ee728b)  -> (artifact id: 'ad2849742f5f868bea8371329fc9ffd3') in 0.015347 seconds
  Import took 0.020241 seconds .

========================================================================
Received Import Request.
  Time since last request: 3.279621 seconds.
  path: Assets/prefabs/pic.prefab
  artifactKey: Guid(48814648a2b3c3545afeadaa6e3c8385) Importer(815301076,1909f56bfc062723c751e8b465ee728b)
Start importing Assets/prefabs/pic.prefab using Guid(48814648a2b3c3545afeadaa6e3c8385) Importer(815301076,1909f56bfc062723c751e8b465ee728b)  -> (artifact id: 'dc6172ba34bce8a597a13cc9b9b29d40') in 0.016055 seconds
  Import took 0.021151 seconds .

========================================================================
Received Import Request.
  Time since last request: 3.629951 seconds.
  path: Assets/prefabs/pic.prefab
  artifactKey: Guid(48814648a2b3c3545afeadaa6e3c8385) Importer(815301076,1909f56bfc062723c751e8b465ee728b)
Start importing Assets/prefabs/pic.prefab using Guid(48814648a2b3c3545afeadaa6e3c8385) Importer(815301076,1909f56bfc062723c751e8b465ee728b)  -> (artifact id: 'e219e04d24b40e74c9376366a30486fc') in 0.014869 seconds
  Import took 0.019672 seconds .

========================================================================
Received Import Request.
  Time since last request: 2.833883 seconds.
  path: Assets/prefabs/pic.prefab
  artifactKey: Guid(48814648a2b3c3545afeadaa6e3c8385) Importer(815301076,1909f56bfc062723c751e8b465ee728b)
Start importing Assets/prefabs/pic.prefab using Guid(48814648a2b3c3545afeadaa6e3c8385) Importer(815301076,1909f56bfc062723c751e8b465ee728b)  -> (artifact id: '45972735275090f92e35c5c0ceca1727') in 0.015407 seconds
  Import took 0.020064 seconds .

========================================================================
Received Import Request.
  Time since last request: 1.581159 seconds.
  path: Assets/prefabs/pic.prefab
  artifactKey: Guid(48814648a2b3c3545afeadaa6e3c8385) Importer(815301076,1909f56bfc062723c751e8b465ee728b)
Start importing Assets/prefabs/pic.prefab using Guid(48814648a2b3c3545afeadaa6e3c8385) Importer(815301076,1909f56bfc062723c751e8b465ee728b)  -> (artifact id: 'a12721e64655f41b07399a388d6cb644') in 0.028590 seconds
  Import took 0.033047 seconds .

========================================================================
Received Import Request.
  Time since last request: 5.021089 seconds.
  path: Assets/prefabs/pic.prefab
  artifactKey: Guid(48814648a2b3c3545afeadaa6e3c8385) Importer(815301076,1909f56bfc062723c751e8b465ee728b)
Start importing Assets/prefabs/pic.prefab using Guid(48814648a2b3c3545afeadaa6e3c8385) Importer(815301076,1909f56bfc062723c751e8b465ee728b)  -> (artifact id: 'a8194c3e17ffad18d1595141a4d56d4b') in 0.022817 seconds
  Import took 0.028464 seconds .

========================================================================
Received Import Request.
  Time since last request: 3.666141 seconds.
  path: Assets/prefabs/pic.prefab
  artifactKey: Guid(48814648a2b3c3545afeadaa6e3c8385) Importer(815301076,1909f56bfc062723c751e8b465ee728b)
Start importing Assets/prefabs/pic.prefab using Guid(48814648a2b3c3545afeadaa6e3c8385) Importer(815301076,1909f56bfc062723c751e8b465ee728b)  -> (artifact id: 'b854a1ae027757b8f29d3149d41db97a') in 0.016089 seconds
  Import took 0.020636 seconds .

========================================================================
Received Import Request.
  Time since last request: 9.898402 seconds.
  path: Assets/prefabs/pic.prefab
  artifactKey: Guid(48814648a2b3c3545afeadaa6e3c8385) Importer(815301076,1909f56bfc062723c751e8b465ee728b)
Start importing Assets/prefabs/pic.prefab using Guid(48814648a2b3c3545afeadaa6e3c8385) Importer(815301076,1909f56bfc062723c751e8b465ee728b)  -> (artifact id: 'ff82fc92c620522a7264ad50f0b69320') in 0.016883 seconds
  Import took 0.021812 seconds .

========================================================================
Received Import Request.
  Time since last request: 3.192328 seconds.
  path: Assets/prefabs/pic.prefab
  artifactKey: Guid(48814648a2b3c3545afeadaa6e3c8385) Importer(815301076,1909f56bfc062723c751e8b465ee728b)
Start importing Assets/prefabs/pic.prefab using Guid(48814648a2b3c3545afeadaa6e3c8385) Importer(815301076,1909f56bfc062723c751e8b465ee728b)  -> (artifact id: '29f4f6435189a06a8b493c48fc6ab714') in 0.015968 seconds
  Import took 0.021326 seconds .

========================================================================
Received Import Request.
  Time since last request: 14.248169 seconds.
  path: Assets/prefabs/pic.prefab
  artifactKey: Guid(48814648a2b3c3545afeadaa6e3c8385) Importer(815301076,1909f56bfc062723c751e8b465ee728b)
Start importing Assets/prefabs/pic.prefab using Guid(48814648a2b3c3545afeadaa6e3c8385) Importer(815301076,1909f56bfc062723c751e8b465ee728b)  -> (artifact id: '39ed3315f91c110d2b12d8e3c1c43422') in 0.017351 seconds
  Import took 0.022195 seconds .

========================================================================
Received Import Request.
  Time since last request: 3.171135 seconds.
  path: Assets/prefabs/pic.prefab
  artifactKey: Guid(48814648a2b3c3545afeadaa6e3c8385) Importer(815301076,1909f56bfc062723c751e8b465ee728b)
Start importing Assets/prefabs/pic.prefab using Guid(48814648a2b3c3545afeadaa6e3c8385) Importer(815301076,1909f56bfc062723c751e8b465ee728b)  -> (artifact id: 'd38ecc6edad32cd830ed21af6d8944a3') in 0.014965 seconds
  Import took 0.019413 seconds .

========================================================================
Received Import Request.
  Time since last request: 0.808681 seconds.
  path: Assets/prefabs/pic.prefab
  artifactKey: Guid(48814648a2b3c3545afeadaa6e3c8385) Importer(815301076,1909f56bfc062723c751e8b465ee728b)
Start importing Assets/prefabs/pic.prefab using Guid(48814648a2b3c3545afeadaa6e3c8385) Importer(815301076,1909f56bfc062723c751e8b465ee728b)  -> (artifact id: '707259529e12d71d67bc792bf670929c') in 0.013423 seconds
  Import took 0.018011 seconds .

========================================================================
Received Import Request.
  Time since last request: 14.286110 seconds.
  path: Assets/prefabs/pic.prefab
  artifactKey: Guid(48814648a2b3c3545afeadaa6e3c8385) Importer(815301076,1909f56bfc062723c751e8b465ee728b)
Start importing Assets/prefabs/pic.prefab using Guid(48814648a2b3c3545afeadaa6e3c8385) Importer(815301076,1909f56bfc062723c751e8b465ee728b)  -> (artifact id: '1f15939a8a8a9de7d5e910bba076d234') in 0.026304 seconds
  Import took 0.031210 seconds .

========================================================================
Received Import Request.
  Time since last request: 7.697844 seconds.
  path: Assets/prefabs/pic.prefab
  artifactKey: Guid(48814648a2b3c3545afeadaa6e3c8385) Importer(815301076,1909f56bfc062723c751e8b465ee728b)
Start importing Assets/prefabs/pic.prefab using Guid(48814648a2b3c3545afeadaa6e3c8385) Importer(815301076,1909f56bfc062723c751e8b465ee728b)  -> (artifact id: '482bcb7e7d8411b4341b2f5aa80571d2') in 0.028393 seconds
  Import took 0.032233 seconds .

========================================================================
Received Import Request.
  Time since last request: 4.185473 seconds.
  path: Assets/prefabs/pic.prefab
  artifactKey: Guid(48814648a2b3c3545afeadaa6e3c8385) Importer(815301076,1909f56bfc062723c751e8b465ee728b)
Start importing Assets/prefabs/pic.prefab using Guid(48814648a2b3c3545afeadaa6e3c8385) Importer(815301076,1909f56bfc062723c751e8b465ee728b)  -> (artifact id: '26425ef4d1228acf0ff74da5c5670496') in 0.017176 seconds
  Import took 0.021893 seconds .

========================================================================
Received Import Request.
  Time since last request: 2.448264 seconds.
  path: Assets/prefabs/pic.prefab
  artifactKey: Guid(48814648a2b3c3545afeadaa6e3c8385) Importer(815301076,1909f56bfc062723c751e8b465ee728b)
Start importing Assets/prefabs/pic.prefab using Guid(48814648a2b3c3545afeadaa6e3c8385) Importer(815301076,1909f56bfc062723c751e8b465ee728b)  -> (artifact id: '33bcc652a2bcfae6e83df6b946706c3d') in 0.014978 seconds
  Import took 0.020441 seconds .

========================================================================
Received Import Request.
  Time since last request: 5.016306 seconds.
  path: Assets/prefabs/pic.prefab
  artifactKey: Guid(48814648a2b3c3545afeadaa6e3c8385) Importer(815301076,1909f56bfc062723c751e8b465ee728b)
Start importing Assets/prefabs/pic.prefab using Guid(48814648a2b3c3545afeadaa6e3c8385) Importer(815301076,1909f56bfc062723c751e8b465ee728b)  -> (artifact id: 'd544eee97826d33690dfefbceea0e7b5') in 0.016497 seconds
  Import took 0.022732 seconds .

========================================================================
Received Import Request.
  Time since last request: 4.031376 seconds.
  path: Assets/prefabs/pic.prefab
  artifactKey: Guid(48814648a2b3c3545afeadaa6e3c8385) Importer(815301076,1909f56bfc062723c751e8b465ee728b)
Start importing Assets/prefabs/pic.prefab using Guid(48814648a2b3c3545afeadaa6e3c8385) Importer(815301076,1909f56bfc062723c751e8b465ee728b)  -> (artifact id: 'acc09a15eee5d56aa3c7c144f463aac4') in 0.025583 seconds
  Import took 0.029709 seconds .

========================================================================
Received Import Request.
  Time since last request: 0.812222 seconds.
  path: Assets/prefabs/pic.prefab
  artifactKey: Guid(48814648a2b3c3545afeadaa6e3c8385) Importer(815301076,1909f56bfc062723c751e8b465ee728b)
Start importing Assets/prefabs/pic.prefab using Guid(48814648a2b3c3545afeadaa6e3c8385) Importer(815301076,1909f56bfc062723c751e8b465ee728b)  -> (artifact id: '76eac8b9e781d17cb243ccb5b93fae0a') in 0.028550 seconds
  Import took 0.033865 seconds .

========================================================================
Received Import Request.
  Time since last request: 2.190792 seconds.
  path: Assets/prefabs/pic.prefab
  artifactKey: Guid(48814648a2b3c3545afeadaa6e3c8385) Importer(815301076,1909f56bfc062723c751e8b465ee728b)
Start importing Assets/prefabs/pic.prefab using Guid(48814648a2b3c3545afeadaa6e3c8385) Importer(815301076,1909f56bfc062723c751e8b465ee728b)  -> (artifact id: 'a9bd18c863abc2de1733c032c0365942') in 0.016606 seconds
  Import took 0.021470 seconds .

========================================================================
Received Import Request.
  Time since last request: 4.843038 seconds.
  path: Assets/prefabs/pic.prefab
  artifactKey: Guid(48814648a2b3c3545afeadaa6e3c8385) Importer(815301076,1909f56bfc062723c751e8b465ee728b)
Start importing Assets/prefabs/pic.prefab using Guid(48814648a2b3c3545afeadaa6e3c8385) Importer(815301076,1909f56bfc062723c751e8b465ee728b)  -> (artifact id: '3fac6857850be6566dbe1992f143689a') in 0.015378 seconds
  Import took 0.020750 seconds .

========================================================================
Received Import Request.
  Time since last request: 4.998374 seconds.
  path: Assets/prefabs/pic.prefab
  artifactKey: Guid(48814648a2b3c3545afeadaa6e3c8385) Importer(815301076,1909f56bfc062723c751e8b465ee728b)
Start importing Assets/prefabs/pic.prefab using Guid(48814648a2b3c3545afeadaa6e3c8385) Importer(815301076,1909f56bfc062723c751e8b465ee728b)  -> (artifact id: 'dba3daf3b3f3d5964ed26520e194d3b6') in 0.023486 seconds
  Import took 0.030304 seconds .

========================================================================
Received Import Request.
  Time since last request: 2.233070 seconds.
  path: Assets/prefabs/pic.prefab
  artifactKey: Guid(48814648a2b3c3545afeadaa6e3c8385) Importer(815301076,1909f56bfc062723c751e8b465ee728b)
Start importing Assets/prefabs/pic.prefab using Guid(48814648a2b3c3545afeadaa6e3c8385) Importer(815301076,1909f56bfc062723c751e8b465ee728b)  -> (artifact id: '83676d0edb44b9993b7e3f8c43c32a64') in 0.025265 seconds
  Import took 0.030771 seconds .

========================================================================
Received Import Request.
  Time since last request: 0.536674 seconds.
  path: Assets/prefabs/pic.prefab
  artifactKey: Guid(48814648a2b3c3545afeadaa6e3c8385) Importer(815301076,1909f56bfc062723c751e8b465ee728b)
Start importing Assets/prefabs/pic.prefab using Guid(48814648a2b3c3545afeadaa6e3c8385) Importer(815301076,1909f56bfc062723c751e8b465ee728b)  -> (artifact id: 'bf27889fca36844661d4364291f13014') in 0.020648 seconds
  Import took 0.024846 seconds .

========================================================================
Received Import Request.
  Time since last request: 5.869233 seconds.
  path: Assets/prefabs/pic.prefab
  artifactKey: Guid(48814648a2b3c3545afeadaa6e3c8385) Importer(815301076,1909f56bfc062723c751e8b465ee728b)
Start importing Assets/prefabs/pic.prefab using Guid(48814648a2b3c3545afeadaa6e3c8385) Importer(815301076,1909f56bfc062723c751e8b465ee728b)  -> (artifact id: '315cae4ad85e1f3812ba971a0f34e137') in 0.028460 seconds
  Import took 0.033098 seconds .

========================================================================
Received Import Request.
  Time since last request: 9.054826 seconds.
  path: Assets/prefabs/pic.prefab
  artifactKey: Guid(48814648a2b3c3545afeadaa6e3c8385) Importer(815301076,1909f56bfc062723c751e8b465ee728b)
Start importing Assets/prefabs/pic.prefab using Guid(48814648a2b3c3545afeadaa6e3c8385) Importer(815301076,1909f56bfc062723c751e8b465ee728b)  -> (artifact id: '6a60a1950b498fba7fd4a0508ffc2d73') in 0.015780 seconds
  Import took 0.021059 seconds .

========================================================================
Received Import Request.
  Time since last request: 1.818282 seconds.
  path: Assets/prefabs/pic.prefab
  artifactKey: Guid(48814648a2b3c3545afeadaa6e3c8385) Importer(815301076,1909f56bfc062723c751e8b465ee728b)
Start importing Assets/prefabs/pic.prefab using Guid(48814648a2b3c3545afeadaa6e3c8385) Importer(815301076,1909f56bfc062723c751e8b465ee728b)  -> (artifact id: '78d839934e366759c2f39e8570dff017') in 0.017578 seconds
  Import took 0.022947 seconds .

========================================================================
Received Import Request.
  Time since last request: 770.440456 seconds.
  path: Assets/prefabs/untitled.blend
  artifactKey: Guid(8af7e95d44a5d0f4e9415bb37ce05bc4) Importer(815301076,1909f56bfc062723c751e8b465ee728b)
Start importing Assets/prefabs/untitled.blend using Guid(8af7e95d44a5d0f4e9415bb37ce05bc4) Importer(815301076,1909f56bfc062723c751e8b465ee728b)  -> (artifact id: '66b5a4690cd1bdc9a54d0199c704429c') in 0.011956 seconds
  Import took 0.017285 seconds .

========================================================================
Received Import Request.
  Time since last request: 0.005505 seconds.
  path: Assets/prefabs/untitled.blend
  artifactKey: Guid(8af7e95d44a5d0f4e9415bb37ce05bc4) Importer(815301076,1909f56bfc062723c751e8b465ee728b)
Start importing Assets/prefabs/untitled.blend using Guid(8af7e95d44a5d0f4e9415bb37ce05bc4) Importer(815301076,1909f56bfc062723c751e8b465ee728b)  -> (artifact id: '66b5a4690cd1bdc9a54d0199c704429c') in 0.004078 seconds
  Import took 0.009713 seconds .

========================================================================
Received Import Request.
  Time since last request: 57.721770 seconds.
  path: Assets/prefabs/untitled.fbx
  artifactKey: Guid(0af1e0222097a3346a1a40ac5cfbe9c6) Importer(815301076,1909f56bfc062723c751e8b465ee728b)
Start importing Assets/prefabs/untitled.fbx using Guid(0af1e0222097a3346a1a40ac5cfbe9c6) Importer(815301076,1909f56bfc062723c751e8b465ee728b)  -> (artifact id: 'c3700e71c4264c1d1c0d89e2beca61d1') in 0.185080 seconds
  Import took 0.190166 seconds .

========================================================================
Received Import Request.
  Time since last request: 90.239485 seconds.
  path: Assets/HUMASN SKIN MOVEMENT/hotbartimeotpickanitemtoattackbreakanddrop.cs
  artifactKey: Guid(a300c1a1e3fa76543954eb926c6d8627) Importer(815301076,1909f56bfc062723c751e8b465ee728b)
Start importing Assets/HUMASN SKIN MOVEMENT/hotbartimeotpickanitemtoattackbreakanddrop.cs using Guid(a300c1a1e3fa76543954eb926c6d8627) Importer(815301076,1909f56bfc062723c751e8b465ee728b)  -> (artifact id: '5baf3d6c07adcf834b02f61f0742bc01') in 0.006778 seconds
  Import took 0.011247 seconds .

========================================================================
Received Import Request.
  Time since last request: 8.819730 seconds.
  path: Assets/item.cs
  artifactKey: Guid(055cedcba74d40e4c80a413afc1b9ac3) Importer(815301076,1909f56bfc062723c751e8b465ee728b)
Start importing Assets/item.cs using Guid(055cedcba74d40e4c80a413afc1b9ac3) Importer(815301076,1909f56bfc062723c751e8b465ee728b)  -> (artifact id: '4aa70b6adcbc8b70f256b47cd7fc4e2d') in 0.008020 seconds
  Import took 0.012159 seconds .

========================================================================
Received Import Request.
  Time since last request: 0.002316 seconds.
  path: Assets/item.cs
  artifactKey: Guid(055cedcba74d40e4c80a413afc1b9ac3) Importer(815301076,1909f56bfc062723c751e8b465ee728b)
Start importing Assets/item.cs using Guid(055cedcba74d40e4c80a413afc1b9ac3) Importer(815301076,1909f56bfc062723c751e8b465ee728b)  -> (artifact id: '4aa70b6adcbc8b70f256b47cd7fc4e2d') in 0.003146 seconds
  Import took 0.006722 seconds .

========================================================================
Received Prepare
Registering precompiled user dll's ...
Registered in 0.007534 seconds.
Begin MonoManager ReloadAssembly
Native extension for WindowsStandalone target not found
Native extension for WebGL target not found
Refreshing native plugins compatible for Editor in 0.47 ms, found 2 plugins.
Preloading 0 native plugins for Editor in 0.00 ms.
Mono: successfully reloaded assembly
- Completed reload, in  1.205 seconds
Platform modules already initialized, skipping
Refreshing native plugins compatible for Editor in 0.61 ms, found 2 plugins.
Preloading 0 native plugins for Editor in 0.00 ms.
Unloading 1831 Unused Serialized files (Serialized files now loaded: 0)
System memory in use before: 102.0 MB.
System memory in use after: 102.1 MB.

Unloading 15 unused Assets to reduce memory usage. Loaded Objects now: 2360.
Total: 2.564900 ms (FindLiveObjects: 0.259000 ms CreateObjectMapping: 0.141100 ms MarkObjects: 2.040900 ms  DeleteObjects: 0.122900 ms)

